+ . /home/digibee/Documentos/digibee/digibeectl/config.conf
++ PIPELINES=deploy-onboarding.csv
++ REALM=n26
++ MYSQL_HOST=localhost
++ MYSQL_USER=digibeectl
++ MYSQL_PASS=digibeectl
++ MYSQL_BD=digibeectl
+ FUNC=--search-global
+ VAR_1=--global=host-firebase-auth
+ case $FUNC in
+ '[' -z --global=host-firebase-auth ']'
++ echo --global=host-firebase-auth
++ awk -F = '{print $2}'
+ var=host-firebase-auth
+ '[' -z host-firebase-auth ']'
+ labelGlobal='{{global.host-firebase-auth}}'
++ date +%Y%m%d-%H%M%S.%s
+ echo '20230202-115657.1675349817:MAIN:Iniciando processo de busca da global: [{{global.host-firebase-auth}}].'
++ seq -s - 134
++ tr -d '[:digit:]'
+ printf '\n\n%s\n' -------------------------------------------------------------------------------------------------------------------------------------
+ printf '%s\n' 'BUSCANDO GLOBAL: {{global.host-firebase-auth}}'
++ seq -s - 134
++ tr -d '[:digit:]'
+ printf '%s\n' -------------------------------------------------------------------------------------------------------------------------------------
+ find_global
++ date +%Y%m%d-%H%M%S.%s
+ echo 20230202-115657.1675349817:FIND_GLOBAL:
++ date +%Y%m%d-%H%M%S.%s
+ echo '20230202-115657.1675349817:FIND_GLOBAL:Iniciando função.'
++ date +%Y%m%d-%H%M%S.%s
+ echo '20230202-115657.1675349817:FIND_GLOBAL:Verifica se precisa chamar a função list_pipelines().'
+ '[' 0 -eq 0 ']'
++ date +%Y%m%d-%H%M%S.%s
+ echo '20230202-115657.1675349817:FIND_GLOBAL:Chamando a função -> list_pipelines().'
+ list_pipelines
++ date +%Y%m%d-%H%M%S.%s
+ echo 20230202-115657.1675349817:LIST_PIPELINES:
++ date +%Y%m%d-%H%M%S.%s
+ echo '20230202-115657.1675349817:LIST_PIPELINES:Iniciando função.'
++ date +%Y%m%d-%H%M%S.%s
+ echo '20230202-115657.1675349817:LIST_PIPELINES:Verificando se existi o arquivo: /home/digibee/Documentos/digibee/digibeectl/.listPipelines.txt.'
+ '[' -e /home/digibee/Documentos/digibee/digibeectl/.listPipelines.txt ']'
++ date +%Y%m%d-%H%M%S.%s
+ echo '20230202-115657.1675349817:LIST_PIPELINES:Excluindo arquivo.'
+ rm /home/digibee/Documentos/digibee/digibeectl/.listPipelines.txt
+ RET=0
+ '[' 0 -eq 0 ']'
++ date +%Y%m%d-%H%M%S.%s
+ echo '20230202-115657.1675349817:LIST_PIPELINES:Arquivo excluido com sucesso.'
++ date +%Y%m%d-%H%M%S.%s
+ echo '20230202-115657.1675349817:LIST_PIPELINES:Verificando se existi o arquivo: /home/digibee/Documentos/digibee/digibeectl/.tempListPipelines.txt.'
+ '[' -e /home/digibee/Documentos/digibee/digibeectl/.tempListPipelines.txt ']'
++ date +%Y%m%d-%H%M%S.%s
+ echo '20230202-115657.1675349817:LIST_PIPELINES:Excluindo arquivo.'
+ rm /home/digibee/Documentos/digibee/digibeectl/.tempListPipelines.txt
+ RET=0
+ '[' 0 -eq 0 ']'
++ date +%Y%m%d-%H%M%S.%s
+ echo '20230202-115657.1675349817:LIST_PIPELINES:Arquivo excluido com sucesso.'
++ date +%Y%m%d-%H%M%S.%s
+ echo '20230202-115657.1675349817:LIST_PIPELINES:GET dados de paginação.'
++ digibeectl get pipelines
++ grep page
++ cut -d - -f2
++ sed -e s/of/-/g
++ sed -e s/page//g
++ cut -d - -f 1
+ currentPage='  1 '
++ digibeectl get pipelines
++ grep page
++ cut -d - -f2
++ sed -e s/of/-/g
++ sed -e s/page//g
++ cut -d - -f 2
+ totalPages=' 2'
+ '[' -z 1 ']'
+ '[' -z 2 ']'
++ printf %d 2
+ totalPages=2
++ printf %d 1
+ currentPage=1
++ date +%Y%m%d-%H%M%S.%s
+ echo '20230202-115704.1675349824:LIST_PIPELINES:Dados de paginação - totalPages: 2 | currentPage: 1.'
+ printf '\n'
+ x=0
++ date +%Y%m%d-%H%M%S.%s
+ echo '20230202-115704.1675349824:LIST_PIPELINES:Iniciando o loop para percorrer as paginas.'
+ true
+ '[' 0 -lt 2 ']'
+ echo -e '\033[01;33m[ CONSULTANDO PAGINAS - 1 de 2 ]\033[00;37m'
++ date +%Y%m%d-%H%M%S.%s
+ echo '20230202-115704.1675349824:LIST_PIPELINES:[ CONSULTANDO PAGINAS - 1 de 2 ].'
+ '[' 0 -eq 0 ']'
+ digibeectl get pipelines --page 1
++ cat /home/digibee/Documentos/digibee/digibeectl/.tempListPipelines.txt
++ wc -l
+ n=103
+ cat /home/digibee/Documentos/digibee/digibeectl/.tempListPipelines.txt
+ grep PIPELINE-ID -A101
+ sed 1d
+ let 'x = x +1'
+ true
+ '[' 1 -lt 2 ']'
+ echo -e '\033[01;33m[ CONSULTANDO PAGINAS - 2 de 2 ]\033[00;37m'
++ date +%Y%m%d-%H%M%S.%s
+ echo '20230202-115707.1675349827:LIST_PIPELINES:[ CONSULTANDO PAGINAS - 2 de 2 ].'
+ '[' 1 -eq 0 ']'
+ digibeectl get pipelines --page 2
++ cat /home/digibee/Documentos/digibee/digibeectl/.tempListPipelines.txt
++ wc -l
+ n=63
+ cat /home/digibee/Documentos/digibee/digibeectl/.tempListPipelines.txt
+ grep PIPELINE-ID -A61
+ sed 1d
+ let 'x = x +1'
+ true
+ '[' 2 -lt 2 ']'
+ break
+ grep -v '^[\s\t]*$' /home/digibee/Documentos/digibee/digibeectl/.listPipelines.txt
+ cp /home/digibee/Documentos/digibee/digibeectl/.tempListPipelines.txt /home/digibee/Documentos/digibee/digibeectl/.listPipelines.txt
++ cat /home/digibee/Documentos/digibee/digibeectl/.listPipelines.txt
++ wc -l
+ TOTAL_LIST_PIPELINES=161
++ date +%Y%m%d-%H%M%S.%s
+ echo '20230202-115710.1675349830:LIST_PIPELINES: 161'
++ date +%Y%m%d-%H%M%S.%s
+ echo '20230202-115710.1675349830:LIST_PIPELINES:Função finalizada.'
++ seq -s - 41
++ tr -d '[:digit:]'
++ seq -s - 41
++ tr -d '[:digit:]'
++ seq -s - 11
++ tr -d '[:digit:]'
++ seq -s - 41
++ tr -d '[:digit:]'
+ printf '%s|%s|%s|%s\n' ---------------------------------------- ---------------------------------------- ---------- ----------------------------------------
+ printf '%-40s|%-40s|%-10s|%s\n' NAME PIPELINE-ID VERSION ARCHIVED
++ seq -s - 41
++ tr -d '[:digit:]'
++ seq -s - 41
++ tr -d '[:digit:]'
++ seq -s - 11
++ tr -d '[:digit:]'
++ seq -s - 41
++ tr -d '[:digit:]'
+ printf '%s|%s|%s|%s\n' ---------------------------------------- ---------------------------------------- ---------- ----------------------------------------
+ global='{{global.host-firebase-auth}}'
++ date +%Y%m%d-%H%M%S.%s
+ echo '20230202-115710.1675349830:FIND_GLOBAL:Global a ser buscada: {{global.host-firebase-auth}}.'
+ x=0
+ i=0
++ echo 'scale=2;100/161'
++ bc
+ p=.62
+ printf '\n'
+ read name pipelineId version archived
+ let 'i = i +1'
++ echo 'scale=2;.62*1'
++ bc
+ z=.62
+ printf '%s\n%s\n' 'BUSCANDO GLOBAL: {{global.host-firebase-auth}}' 'LENDO PIPELINES: .62%'
++ digibeectl get pipelines --pipeline-id 99cedf0c-b5e4-465e-b026-1481d970b4ac --flowspec
++ grep -a '{{global.host-firebase-auth}}' -o
++ wc -l
+ count=0
+ '[' 0 -gt 0 ']'
+ clear
+ read name pipelineId version archived
+ let 'i = i +1'
++ echo 'scale=2;.62*2'
++ bc
+ z=1.24
+ printf '%s\n%s\n' 'BUSCANDO GLOBAL: {{global.host-firebase-auth}}' 'LENDO PIPELINES: 1.24%'
++ digibeectl get pipelines --pipeline-id 64395518-5a06-4499-8cac-e7af2e9b1118 --flowspec
++ grep -a '{{global.host-firebase-auth}}' -o
++ wc -l
+ count=0
+ '[' 0 -gt 0 ']'
+ clear
+ read name pipelineId version archived
+ let 'i = i +1'
++ echo 'scale=2;.62*3'
++ bc
+ z=1.86
+ printf '%s\n%s\n' 'BUSCANDO GLOBAL: {{global.host-firebase-auth}}' 'LENDO PIPELINES: 1.86%'
++ digibeectl get pipelines --pipeline-id fd636ec4-af2e-4b57-bb19-d5dccae826ae --flowspec
++ grep -a '{{global.host-firebase-auth}}' -o
++ wc -l
+ count=0
+ '[' 0 -gt 0 ']'
+ clear
+ read name pipelineId version archived
+ let 'i = i +1'
++ echo 'scale=2;.62*4'
++ bc
+ z=2.48
+ printf '%s\n%s\n' 'BUSCANDO GLOBAL: {{global.host-firebase-auth}}' 'LENDO PIPELINES: 2.48%'
++ digibeectl get pipelines --pipeline-id de01c7c5-8518-43a3-b727-f5ebf3fce7b0 --flowspec
++ grep -a '{{global.host-firebase-auth}}' -o
++ wc -l
+ count=0
+ '[' 0 -gt 0 ']'
+ clear
+ read name pipelineId version archived
+ let 'i = i +1'
++ echo 'scale=2;.62*5'
++ bc
+ z=3.10
+ printf '%s\n%s\n' 'BUSCANDO GLOBAL: {{global.host-firebase-auth}}' 'LENDO PIPELINES: 3.10%'
++ digibeectl get pipelines --pipeline-id fc5c5afe-7907-4971-bf9d-4fbbd930c3df --flowspec
++ grep -a '{{global.host-firebase-auth}}' -o
++ wc -l
+ count=0
+ '[' 0 -gt 0 ']'
+ clear
+ read name pipelineId version archived
+ let 'i = i +1'
++ echo 'scale=2;.62*6'
++ bc
+ z=3.72
+ printf '%s\n%s\n' 'BUSCANDO GLOBAL: {{global.host-firebase-auth}}' 'LENDO PIPELINES: 3.72%'
++ digibeectl get pipelines --pipeline-id 888bf905-889b-490c-9cf2-058b71a613b8 --flowspec
++ grep -a '{{global.host-firebase-auth}}' -o
++ wc -l
+ count=0
+ '[' 0 -gt 0 ']'
+ clear
+ read name pipelineId version archived
+ let 'i = i +1'
++ echo 'scale=2;.62*7'
++ bc
+ z=4.34
+ printf '%s\n%s\n' 'BUSCANDO GLOBAL: {{global.host-firebase-auth}}' 'LENDO PIPELINES: 4.34%'
++ digibeectl get pipelines --pipeline-id 6bb97cce-b6c7-48f7-a361-a9ab4968aa21 --flowspec
++ grep -a '{{global.host-firebase-auth}}' -o
++ wc -l
+ count=0
+ '[' 0 -gt 0 ']'
+ clear
+ read name pipelineId version archived
+ let 'i = i +1'
++ echo 'scale=2;.62*8'
++ bc
+ z=4.96
+ printf '%s\n%s\n' 'BUSCANDO GLOBAL: {{global.host-firebase-auth}}' 'LENDO PIPELINES: 4.96%'
++ digibeectl get pipelines --pipeline-id 1eb3e48d-45b7-497e-9c11-a43540bffe62 --flowspec
++ grep -a '{{global.host-firebase-auth}}' -o
++ wc -l
+ count=0
+ '[' 0 -gt 0 ']'
+ clear
+ read name pipelineId version archived
+ let 'i = i +1'
++ echo 'scale=2;.62*9'
++ bc
+ z=5.58
+ printf '%s\n%s\n' 'BUSCANDO GLOBAL: {{global.host-firebase-auth}}' 'LENDO PIPELINES: 5.58%'
++ digibeectl get pipelines --pipeline-id d6875ab3-94dd-4f60-8aa6-e0af83b7b14c --flowspec
++ grep -a '{{global.host-firebase-auth}}' -o
++ wc -l
+ count=0
+ '[' 0 -gt 0 ']'
+ clear
+ read name pipelineId version archived
+ let 'i = i +1'
++ echo 'scale=2;.62*10'
++ bc
+ z=6.20
+ printf '%s\n%s\n' 'BUSCANDO GLOBAL: {{global.host-firebase-auth}}' 'LENDO PIPELINES: 6.20%'
++ digibeectl get pipelines --pipeline-id b02a9341-bf32-43ea-9967-c5e619974947 --flowspec
++ grep -a '{{global.host-firebase-auth}}' -o
++ wc -l
+ count=0
+ '[' 0 -gt 0 ']'
+ clear
+ read name pipelineId version archived
+ let 'i = i +1'
++ echo 'scale=2;.62*11'
++ bc
+ z=6.82
+ printf '%s\n%s\n' 'BUSCANDO GLOBAL: {{global.host-firebase-auth}}' 'LENDO PIPELINES: 6.82%'
++ digibeectl get pipelines --pipeline-id 99b00fb8-11c3-43a8-9ec9-5d3b5bacc2e1 --flowspec
++ grep -a '{{global.host-firebase-auth}}' -o
++ wc -l
+ count=0
+ '[' 0 -gt 0 ']'
+ clear
+ read name pipelineId version archived
+ let 'i = i +1'
++ echo 'scale=2;.62*12'
++ bc
+ z=7.44
+ printf '%s\n%s\n' 'BUSCANDO GLOBAL: {{global.host-firebase-auth}}' 'LENDO PIPELINES: 7.44%'
++ digibeectl get pipelines --pipeline-id b03b3888-7c0e-4e30-ae38-298036cabb5a --flowspec
++ grep -a '{{global.host-firebase-auth}}' -o
++ wc -l
+ count=0
+ '[' 0 -gt 0 ']'
+ clear
+ read name pipelineId version archived
+ let 'i = i +1'
++ echo 'scale=2;.62*13'
++ bc
+ z=8.06
+ printf '%s\n%s\n' 'BUSCANDO GLOBAL: {{global.host-firebase-auth}}' 'LENDO PIPELINES: 8.06%'
++ digibeectl get pipelines --pipeline-id 7e38fe78-e586-43ee-b87c-c89f5205eec6 --flowspec
++ grep -a '{{global.host-firebase-auth}}' -o
++ wc -l
+ count=0
+ '[' 0 -gt 0 ']'
+ clear
+ read name pipelineId version archived
+ let 'i = i +1'
++ echo 'scale=2;.62*14'
++ bc
+ z=8.68
+ printf '%s\n%s\n' 'BUSCANDO GLOBAL: {{global.host-firebase-auth}}' 'LENDO PIPELINES: 8.68%'
++ digibeectl get pipelines --pipeline-id 29f6c1a0-52fe-4ead-afa5-8d023c6d4bc7 --flowspec
++ grep -a '{{global.host-firebase-auth}}' -o
++ wc -l
+ count=0
+ '[' 0 -gt 0 ']'
+ clear
+ read name pipelineId version archived
+ let 'i = i +1'
++ echo 'scale=2;.62*15'
++ bc
+ z=9.30
+ printf '%s\n%s\n' 'BUSCANDO GLOBAL: {{global.host-firebase-auth}}' 'LENDO PIPELINES: 9.30%'
++ digibeectl get pipelines --pipeline-id 5c380f96-24e2-440d-9c70-66f73b9cd9a9 --flowspec
++ grep -a '{{global.host-firebase-auth}}' -o
++ wc -l
+ count=0
+ '[' 0 -gt 0 ']'
+ clear
+ read name pipelineId version archived
+ let 'i = i +1'
++ echo 'scale=2;.62*16'
++ bc
+ z=9.92
+ printf '%s\n%s\n' 'BUSCANDO GLOBAL: {{global.host-firebase-auth}}' 'LENDO PIPELINES: 9.92%'
++ digibeectl get pipelines --pipeline-id a2778f54-9752-4635-a861-0b23f099fca2 --flowspec
++ grep -a '{{global.host-firebase-auth}}' -o
++ wc -l
+ count=0
+ '[' 0 -gt 0 ']'
+ clear
+ read name pipelineId version archived
+ let 'i = i +1'
++ echo 'scale=2;.62*17'
++ bc
+ z=10.54
+ printf '%s\n%s\n' 'BUSCANDO GLOBAL: {{global.host-firebase-auth}}' 'LENDO PIPELINES: 10.54%'
++ digibeectl get pipelines --pipeline-id 78f45384-26d1-4964-accc-fe09bd82c6f8 --flowspec
++ grep -a '{{global.host-firebase-auth}}' -o
++ wc -l
+ count=0
+ '[' 0 -gt 0 ']'
+ clear
+ read name pipelineId version archived
+ let 'i = i +1'
++ echo 'scale=2;.62*18'
++ bc
+ z=11.16
+ printf '%s\n%s\n' 'BUSCANDO GLOBAL: {{global.host-firebase-auth}}' 'LENDO PIPELINES: 11.16%'
++ digibeectl get pipelines --pipeline-id cd04136d-48c7-4aff-b1bf-f0e50a7795eb --flowspec
++ grep -a '{{global.host-firebase-auth}}' -o
++ wc -l
+ count=0
+ '[' 0 -gt 0 ']'
+ clear
+ read name pipelineId version archived
+ let 'i = i +1'
++ echo 'scale=2;.62*19'
++ bc
+ z=11.78
+ printf '%s\n%s\n' 'BUSCANDO GLOBAL: {{global.host-firebase-auth}}' 'LENDO PIPELINES: 11.78%'
++ digibeectl get pipelines --pipeline-id b0da2e76-804d-4bfc-8512-51cbe828545f --flowspec
++ grep -a '{{global.host-firebase-auth}}' -o
++ wc -l
+ count=0
+ '[' 0 -gt 0 ']'
+ clear
+ read name pipelineId version archived
+ let 'i = i +1'
++ echo 'scale=2;.62*20'
++ bc
+ z=12.40
+ printf '%s\n%s\n' 'BUSCANDO GLOBAL: {{global.host-firebase-auth}}' 'LENDO PIPELINES: 12.40%'
++ digibeectl get pipelines --pipeline-id 296055db-3e4c-4dd6-a870-5fb157de6616 --flowspec
++ grep -a '{{global.host-firebase-auth}}' -o
++ wc -l
+ count=0
+ '[' 0 -gt 0 ']'
+ clear
+ read name pipelineId version archived
+ let 'i = i +1'
++ echo 'scale=2;.62*21'
++ bc
+ z=13.02
+ printf '%s\n%s\n' 'BUSCANDO GLOBAL: {{global.host-firebase-auth}}' 'LENDO PIPELINES: 13.02%'
++ digibeectl get pipelines --pipeline-id 8f6c65bb-fa12-4321-8d48-1e5733e808e1 --flowspec
++ grep -a '{{global.host-firebase-auth}}' -o
++ wc -l
+ count=0
+ '[' 0 -gt 0 ']'
+ clear
+ read name pipelineId version archived
+ let 'i = i +1'
++ echo 'scale=2;.62*22'
++ bc
+ z=13.64
+ printf '%s\n%s\n' 'BUSCANDO GLOBAL: {{global.host-firebase-auth}}' 'LENDO PIPELINES: 13.64%'
++ digibeectl get pipelines --pipeline-id f99138f8-e571-4cfe-a2dc-2b387770ba31 --flowspec
++ grep -a '{{global.host-firebase-auth}}' -o
++ wc -l
+ count=0
+ '[' 0 -gt 0 ']'
+ clear
+ read name pipelineId version archived
+ let 'i = i +1'
++ echo 'scale=2;.62*23'
++ bc
+ z=14.26
+ printf '%s\n%s\n' 'BUSCANDO GLOBAL: {{global.host-firebase-auth}}' 'LENDO PIPELINES: 14.26%'
++ digibeectl get pipelines --pipeline-id 1ee08b4d-3dc7-47f8-909f-d9e3ba0eb8de --flowspec
++ grep -a '{{global.host-firebase-auth}}' -o
++ wc -l
+ count=0
+ '[' 0 -gt 0 ']'
+ clear
+ read name pipelineId version archived
+ let 'i = i +1'
++ echo 'scale=2;.62*24'
++ bc
+ z=14.88
+ printf '%s\n%s\n' 'BUSCANDO GLOBAL: {{global.host-firebase-auth}}' 'LENDO PIPELINES: 14.88%'
++ digibeectl get pipelines --pipeline-id 98b9dac0-35f9-4dfe-874e-af46e1248769 --flowspec
++ grep -a '{{global.host-firebase-auth}}' -o
++ wc -l
+ count=0
+ '[' 0 -gt 0 ']'
+ clear
+ read name pipelineId version archived
+ let 'i = i +1'
++ echo 'scale=2;.62*25'
++ bc
+ z=15.50
+ printf '%s\n%s\n' 'BUSCANDO GLOBAL: {{global.host-firebase-auth}}' 'LENDO PIPELINES: 15.50%'
++ digibeectl get pipelines --pipeline-id 27de2768-27ba-47ad-915d-8c4c829d774a --flowspec
++ grep -a '{{global.host-firebase-auth}}' -o
++ wc -l
+ count=0
+ '[' 0 -gt 0 ']'
+ clear
+ read name pipelineId version archived
+ let 'i = i +1'
++ echo 'scale=2;.62*26'
++ bc
+ z=16.12
+ printf '%s\n%s\n' 'BUSCANDO GLOBAL: {{global.host-firebase-auth}}' 'LENDO PIPELINES: 16.12%'
++ digibeectl get pipelines --pipeline-id 00b78e67-8d5f-4b33-97ae-da60346f1c77 --flowspec
++ grep -a '{{global.host-firebase-auth}}' -o
++ wc -l
+ count=0
+ '[' 0 -gt 0 ']'
+ clear
+ read name pipelineId version archived
+ let 'i = i +1'
++ echo 'scale=2;.62*27'
++ bc
+ z=16.74
+ printf '%s\n%s\n' 'BUSCANDO GLOBAL: {{global.host-firebase-auth}}' 'LENDO PIPELINES: 16.74%'
++ digibeectl get pipelines --pipeline-id 793e92d6-a4c2-40c3-978d-3986b0dcd16c --flowspec
++ grep -a '{{global.host-firebase-auth}}' -o
++ wc -l
+ count=0
+ '[' 0 -gt 0 ']'
+ clear
+ read name pipelineId version archived
+ let 'i = i +1'
++ echo 'scale=2;.62*28'
++ bc
+ z=17.36
+ printf '%s\n%s\n' 'BUSCANDO GLOBAL: {{global.host-firebase-auth}}' 'LENDO PIPELINES: 17.36%'
++ digibeectl get pipelines --pipeline-id a98915cd-8b0e-4b73-8626-c0ad21ebed9a --flowspec
++ grep -a '{{global.host-firebase-auth}}' -o
++ wc -l
+ count=0
+ '[' 0 -gt 0 ']'
+ clear
+ read name pipelineId version archived
+ let 'i = i +1'
++ echo 'scale=2;.62*29'
++ bc
+ z=17.98
+ printf '%s\n%s\n' 'BUSCANDO GLOBAL: {{global.host-firebase-auth}}' 'LENDO PIPELINES: 17.98%'
++ digibeectl get pipelines --pipeline-id 67aaac96-63e3-4161-a89e-278f1d4e5ff5 --flowspec
++ grep -a '{{global.host-firebase-auth}}' -o
++ wc -l
+ count=0
+ '[' 0 -gt 0 ']'
+ clear
+ read name pipelineId version archived
+ let 'i = i +1'
++ echo 'scale=2;.62*30'
++ bc
+ z=18.60
+ printf '%s\n%s\n' 'BUSCANDO GLOBAL: {{global.host-firebase-auth}}' 'LENDO PIPELINES: 18.60%'
++ digibeectl get pipelines --pipeline-id 5e4a39cc-5093-445a-9348-a722a14d6339 --flowspec
++ grep -a '{{global.host-firebase-auth}}' -o
++ wc -l
+ count=0
+ '[' 0 -gt 0 ']'
+ clear
+ read name pipelineId version archived
+ let 'i = i +1'
++ echo 'scale=2;.62*31'
++ bc
+ z=19.22
+ printf '%s\n%s\n' 'BUSCANDO GLOBAL: {{global.host-firebase-auth}}' 'LENDO PIPELINES: 19.22%'
++ digibeectl get pipelines --pipeline-id 86a24606-08ef-40b7-a877-4f10f8bcbb98 --flowspec
++ grep -a '{{global.host-firebase-auth}}' -o
++ wc -l
+ count=0
+ '[' 0 -gt 0 ']'
+ clear
+ read name pipelineId version archived
+ let 'i = i +1'
++ echo 'scale=2;.62*32'
++ bc
+ z=19.84
+ printf '%s\n%s\n' 'BUSCANDO GLOBAL: {{global.host-firebase-auth}}' 'LENDO PIPELINES: 19.84%'
++ digibeectl get pipelines --pipeline-id 9db2947d-c0b3-4941-86b0-4075d3335d85 --flowspec
++ grep -a '{{global.host-firebase-auth}}' -o
++ wc -l
+ count=0
+ '[' 0 -gt 0 ']'
+ clear
+ read name pipelineId version archived
+ let 'i = i +1'
++ echo 'scale=2;.62*33'
++ bc
+ z=20.46
+ printf '%s\n%s\n' 'BUSCANDO GLOBAL: {{global.host-firebase-auth}}' 'LENDO PIPELINES: 20.46%'
++ digibeectl get pipelines --pipeline-id fcea7f7b-b4d1-494f-8710-56bf6aecd6a6 --flowspec
++ grep -a '{{global.host-firebase-auth}}' -o
++ wc -l
+ count=0
+ '[' 0 -gt 0 ']'
+ clear
+ read name pipelineId version archived
+ let 'i = i +1'
++ echo 'scale=2;.62*34'
++ bc
+ z=21.08
+ printf '%s\n%s\n' 'BUSCANDO GLOBAL: {{global.host-firebase-auth}}' 'LENDO PIPELINES: 21.08%'
++ digibeectl get pipelines --pipeline-id 4eb3d4c2-5bfd-4c06-890e-33dae6bed30e --flowspec
++ grep -a '{{global.host-firebase-auth}}' -o
++ wc -l
+ count=0
+ '[' 0 -gt 0 ']'
+ clear
+ read name pipelineId version archived
+ let 'i = i +1'
++ echo 'scale=2;.62*35'
++ bc
+ z=21.70
+ printf '%s\n%s\n' 'BUSCANDO GLOBAL: {{global.host-firebase-auth}}' 'LENDO PIPELINES: 21.70%'
++ digibeectl get pipelines --pipeline-id c881532e-cb69-403d-bbad-dae2d1aefa5d --flowspec
++ grep -a '{{global.host-firebase-auth}}' -o
++ wc -l
+ count=0
+ '[' 0 -gt 0 ']'
+ clear
+ read name pipelineId version archived
+ let 'i = i +1'
++ echo 'scale=2;.62*36'
++ bc
+ z=22.32
+ printf '%s\n%s\n' 'BUSCANDO GLOBAL: {{global.host-firebase-auth}}' 'LENDO PIPELINES: 22.32%'
++ digibeectl get pipelines --pipeline-id befe7ea1-f182-468a-bc10-1a59d46e772f --flowspec
++ grep -a '{{global.host-firebase-auth}}' -o
++ wc -l
+ count=0
+ '[' 0 -gt 0 ']'
+ clear
+ read name pipelineId version archived
+ let 'i = i +1'
++ echo 'scale=2;.62*37'
++ bc
+ z=22.94
+ printf '%s\n%s\n' 'BUSCANDO GLOBAL: {{global.host-firebase-auth}}' 'LENDO PIPELINES: 22.94%'
++ digibeectl get pipelines --pipeline-id 135cb269-f9e4-4bb8-9f17-29d065e217ac --flowspec
++ grep -a '{{global.host-firebase-auth}}' -o
++ wc -l
+ count=0
+ '[' 0 -gt 0 ']'
+ clear
+ read name pipelineId version archived
+ let 'i = i +1'
++ echo 'scale=2;.62*38'
++ bc
+ z=23.56
+ printf '%s\n%s\n' 'BUSCANDO GLOBAL: {{global.host-firebase-auth}}' 'LENDO PIPELINES: 23.56%'
++ digibeectl get pipelines --pipeline-id bcab150b-d8f6-4324-9a03-a74c1ce0b446 --flowspec
++ grep -a '{{global.host-firebase-auth}}' -o
++ wc -l
+ count=0
+ '[' 0 -gt 0 ']'
+ clear
+ read name pipelineId version archived
+ let 'i = i +1'
++ echo 'scale=2;.62*39'
++ bc
+ z=24.18
+ printf '%s\n%s\n' 'BUSCANDO GLOBAL: {{global.host-firebase-auth}}' 'LENDO PIPELINES: 24.18%'
++ digibeectl get pipelines --pipeline-id cf2db581-3d53-4499-8d5f-0f5c2cfde849 --flowspec
++ grep -a '{{global.host-firebase-auth}}' -o
++ wc -l
+ count=0
+ '[' 0 -gt 0 ']'
+ clear
+ read name pipelineId version archived
+ let 'i = i +1'
++ echo 'scale=2;.62*40'
++ bc
+ z=24.80
+ printf '%s\n%s\n' 'BUSCANDO GLOBAL: {{global.host-firebase-auth}}' 'LENDO PIPELINES: 24.80%'
++ digibeectl get pipelines --pipeline-id b177240d-2194-403d-bbf7-71d848f0a0a3 --flowspec
++ grep -a '{{global.host-firebase-auth}}' -o
++ wc -l
+ count=0
+ '[' 0 -gt 0 ']'
+ clear
+ read name pipelineId version archived
+ let 'i = i +1'
++ echo 'scale=2;.62*41'
++ bc
+ z=25.42
+ printf '%s\n%s\n' 'BUSCANDO GLOBAL: {{global.host-firebase-auth}}' 'LENDO PIPELINES: 25.42%'
++ digibeectl get pipelines --pipeline-id e3979ed1-2b55-41d4-80e2-2cb971c126ea --flowspec
++ grep -a '{{global.host-firebase-auth}}' -o
++ wc -l
+ count=0
+ '[' 0 -gt 0 ']'
+ clear
+ read name pipelineId version archived
+ let 'i = i +1'
++ echo 'scale=2;.62*42'
++ bc
+ z=26.04
+ printf '%s\n%s\n' 'BUSCANDO GLOBAL: {{global.host-firebase-auth}}' 'LENDO PIPELINES: 26.04%'
++ digibeectl get pipelines --pipeline-id 23cf240d-2f5b-4929-9f43-440efaf8090f --flowspec
++ grep -a '{{global.host-firebase-auth}}' -o
++ wc -l
+ count=0
+ '[' 0 -gt 0 ']'
+ clear
+ read name pipelineId version archived
+ let 'i = i +1'
++ echo 'scale=2;.62*43'
++ bc
+ z=26.66
+ printf '%s\n%s\n' 'BUSCANDO GLOBAL: {{global.host-firebase-auth}}' 'LENDO PIPELINES: 26.66%'
++ digibeectl get pipelines --pipeline-id 52a56451-b545-47b6-a519-4aff45d44d97 --flowspec
++ grep -a '{{global.host-firebase-auth}}' -o
++ wc -l
+ count=0
+ '[' 0 -gt 0 ']'
+ clear
+ read name pipelineId version archived
+ let 'i = i +1'
++ echo 'scale=2;.62*44'
++ bc
+ z=27.28
+ printf '%s\n%s\n' 'BUSCANDO GLOBAL: {{global.host-firebase-auth}}' 'LENDO PIPELINES: 27.28%'
++ digibeectl get pipelines --pipeline-id 455e9b0a-5261-4b5a-9b2a-efab68014a85 --flowspec
++ grep -a '{{global.host-firebase-auth}}' -o
++ wc -l
+ count=0
+ '[' 0 -gt 0 ']'
+ clear
+ read name pipelineId version archived
+ let 'i = i +1'
++ echo 'scale=2;.62*45'
++ bc
+ z=27.90
+ printf '%s\n%s\n' 'BUSCANDO GLOBAL: {{global.host-firebase-auth}}' 'LENDO PIPELINES: 27.90%'
++ digibeectl get pipelines --pipeline-id b7ddfaca-e33b-4f20-9664-bd3371f9b139 --flowspec
++ grep -a '{{global.host-firebase-auth}}' -o
++ wc -l
+ count=0
+ '[' 0 -gt 0 ']'
+ clear
+ read name pipelineId version archived
+ let 'i = i +1'
++ echo 'scale=2;.62*46'
++ bc
+ z=28.52
+ printf '%s\n%s\n' 'BUSCANDO GLOBAL: {{global.host-firebase-auth}}' 'LENDO PIPELINES: 28.52%'
++ digibeectl get pipelines --pipeline-id 32d77118-fdd5-499a-9d13-9c272ef1478c --flowspec
++ grep -a '{{global.host-firebase-auth}}' -o
++ wc -l
+ count=0
+ '[' 0 -gt 0 ']'
+ clear
+ read name pipelineId version archived
+ let 'i = i +1'
++ echo 'scale=2;.62*47'
++ bc
+ z=29.14
+ printf '%s\n%s\n' 'BUSCANDO GLOBAL: {{global.host-firebase-auth}}' 'LENDO PIPELINES: 29.14%'
++ digibeectl get pipelines --pipeline-id 0729fba9-2010-42a4-af74-0c6dd413d186 --flowspec
++ grep -a '{{global.host-firebase-auth}}' -o
++ wc -l
+ count=0
+ '[' 0 -gt 0 ']'
+ clear
+ read name pipelineId version archived
+ let 'i = i +1'
++ echo 'scale=2;.62*48'
++ bc
+ z=29.76
+ printf '%s\n%s\n' 'BUSCANDO GLOBAL: {{global.host-firebase-auth}}' 'LENDO PIPELINES: 29.76%'
++ digibeectl get pipelines --pipeline-id f6e4cc8c-0fbf-4737-8436-cc318e70131e --flowspec
++ grep -a '{{global.host-firebase-auth}}' -o
++ wc -l
+ count=0
+ '[' 0 -gt 0 ']'
+ clear
+ read name pipelineId version archived
+ let 'i = i +1'
++ echo 'scale=2;.62*49'
++ bc
+ z=30.38
+ printf '%s\n%s\n' 'BUSCANDO GLOBAL: {{global.host-firebase-auth}}' 'LENDO PIPELINES: 30.38%'
++ digibeectl get pipelines --pipeline-id 80758436-152e-40ce-aba3-445491b71864 --flowspec
++ grep -a '{{global.host-firebase-auth}}' -o
++ wc -l
+ count=0
+ '[' 0 -gt 0 ']'
+ clear
+ read name pipelineId version archived
+ let 'i = i +1'
++ echo 'scale=2;.62*50'
++ bc
+ z=31.00
+ printf '%s\n%s\n' 'BUSCANDO GLOBAL: {{global.host-firebase-auth}}' 'LENDO PIPELINES: 31.00%'
++ digibeectl get pipelines --pipeline-id 478a7b14-f947-427e-88e9-b149145a1f49 --flowspec
++ grep -a '{{global.host-firebase-auth}}' -o
++ wc -l
+ count=0
+ '[' 0 -gt 0 ']'
+ clear
+ read name pipelineId version archived
+ let 'i = i +1'
++ echo 'scale=2;.62*51'
++ bc
+ z=31.62
+ printf '%s\n%s\n' 'BUSCANDO GLOBAL: {{global.host-firebase-auth}}' 'LENDO PIPELINES: 31.62%'
++ digibeectl get pipelines --pipeline-id da4e47b9-cfaa-491e-abce-efcc50930d11 --flowspec
++ grep -a '{{global.host-firebase-auth}}' -o
++ wc -l
+ count=0
+ '[' 0 -gt 0 ']'
+ clear
+ read name pipelineId version archived
+ let 'i = i +1'
++ echo 'scale=2;.62*52'
++ bc
+ z=32.24
+ printf '%s\n%s\n' 'BUSCANDO GLOBAL: {{global.host-firebase-auth}}' 'LENDO PIPELINES: 32.24%'
++ digibeectl get pipelines --pipeline-id 94828951-e6f0-4df4-a623-afbb3765ff90 --flowspec
++ grep -a '{{global.host-firebase-auth}}' -o
++ wc -l
+ count=0
+ '[' 0 -gt 0 ']'
+ clear
+ read name pipelineId version archived
+ let 'i = i +1'
++ echo 'scale=2;.62*53'
++ bc
+ z=32.86
+ printf '%s\n%s\n' 'BUSCANDO GLOBAL: {{global.host-firebase-auth}}' 'LENDO PIPELINES: 32.86%'
++ digibeectl get pipelines --pipeline-id 6018aa53-9ac3-4d9e-934f-817ddc7ffbc6 --flowspec
++ grep -a '{{global.host-firebase-auth}}' -o
++ wc -l
+ count=0
+ '[' 0 -gt 0 ']'
+ clear
+ read name pipelineId version archived
+ let 'i = i +1'
++ echo 'scale=2;.62*54'
++ bc
+ z=33.48
+ printf '%s\n%s\n' 'BUSCANDO GLOBAL: {{global.host-firebase-auth}}' 'LENDO PIPELINES: 33.48%'
++ digibeectl get pipelines --pipeline-id 1049243b-8773-45ef-a07d-9f47680e7929 --flowspec
++ grep -a '{{global.host-firebase-auth}}' -o
++ wc -l
+ count=0
+ '[' 0 -gt 0 ']'
+ clear
+ read name pipelineId version archived
+ let 'i = i +1'
++ echo 'scale=2;.62*55'
++ bc
+ z=34.10
+ printf '%s\n%s\n' 'BUSCANDO GLOBAL: {{global.host-firebase-auth}}' 'LENDO PIPELINES: 34.10%'
++ digibeectl get pipelines --pipeline-id f5216595-f68d-4573-a917-bb88d987a4c1 --flowspec
++ grep -a '{{global.host-firebase-auth}}' -o
++ wc -l
+ count=0
+ '[' 0 -gt 0 ']'
+ clear
+ read name pipelineId version archived
+ let 'i = i +1'
++ echo 'scale=2;.62*56'
++ bc
+ z=34.72
+ printf '%s\n%s\n' 'BUSCANDO GLOBAL: {{global.host-firebase-auth}}' 'LENDO PIPELINES: 34.72%'
++ digibeectl get pipelines --pipeline-id 9d77aad2-9431-4a13-9b21-19cb4341af6f --flowspec
++ grep -a '{{global.host-firebase-auth}}' -o
++ wc -l
+ count=0
+ '[' 0 -gt 0 ']'
+ clear
+ read name pipelineId version archived
+ let 'i = i +1'
++ echo 'scale=2;.62*57'
++ bc
+ z=35.34
+ printf '%s\n%s\n' 'BUSCANDO GLOBAL: {{global.host-firebase-auth}}' 'LENDO PIPELINES: 35.34%'
++ digibeectl get pipelines --pipeline-id 4fe3061b-babf-43ef-bfa2-aa2a3e13e1f9 --flowspec
++ grep -a '{{global.host-firebase-auth}}' -o
++ wc -l
+ count=0
+ '[' 0 -gt 0 ']'
+ clear
+ read name pipelineId version archived
+ let 'i = i +1'
++ echo 'scale=2;.62*58'
++ bc
+ z=35.96
+ printf '%s\n%s\n' 'BUSCANDO GLOBAL: {{global.host-firebase-auth}}' 'LENDO PIPELINES: 35.96%'
++ digibeectl get pipelines --pipeline-id 1cefa67e-bd96-41a8-b180-df5710d03d1c --flowspec
++ grep -a '{{global.host-firebase-auth}}' -o
++ wc -l
+ count=0
+ '[' 0 -gt 0 ']'
+ clear
+ read name pipelineId version archived
+ let 'i = i +1'
++ echo 'scale=2;.62*59'
++ bc
+ z=36.58
+ printf '%s\n%s\n' 'BUSCANDO GLOBAL: {{global.host-firebase-auth}}' 'LENDO PIPELINES: 36.58%'
++ digibeectl get pipelines --pipeline-id 7d57f595-5960-4fc9-a3a7-e7bdc4f3dfaf --flowspec
++ grep -a '{{global.host-firebase-auth}}' -o
++ wc -l
+ count=0
+ '[' 0 -gt 0 ']'
+ clear
+ read name pipelineId version archived
+ let 'i = i +1'
++ echo 'scale=2;.62*60'
++ bc
+ z=37.20
+ printf '%s\n%s\n' 'BUSCANDO GLOBAL: {{global.host-firebase-auth}}' 'LENDO PIPELINES: 37.20%'
++ digibeectl get pipelines --pipeline-id fdb3ad04-60cc-45c9-a606-5fb24187ed55 --flowspec
++ grep -a '{{global.host-firebase-auth}}' -o
++ wc -l
+ count=0
+ '[' 0 -gt 0 ']'
+ clear
+ read name pipelineId version archived
+ let 'i = i +1'
++ echo 'scale=2;.62*61'
++ bc
+ z=37.82
+ printf '%s\n%s\n' 'BUSCANDO GLOBAL: {{global.host-firebase-auth}}' 'LENDO PIPELINES: 37.82%'
++ digibeectl get pipelines --pipeline-id fbe8398f-f3f2-40e4-99f0-c1cdb97ee75f --flowspec
++ grep -a '{{global.host-firebase-auth}}' -o
++ wc -l
+ count=0
+ '[' 0 -gt 0 ']'
+ clear
+ read name pipelineId version archived
+ let 'i = i +1'
++ echo 'scale=2;.62*62'
++ bc
+ z=38.44
+ printf '%s\n%s\n' 'BUSCANDO GLOBAL: {{global.host-firebase-auth}}' 'LENDO PIPELINES: 38.44%'
++ digibeectl get pipelines --pipeline-id 2f070c19-7514-4074-b63f-3574ec8f3af8 --flowspec
++ grep -a '{{global.host-firebase-auth}}' -o
++ wc -l
+ count=0
+ '[' 0 -gt 0 ']'
+ clear
+ read name pipelineId version archived
+ let 'i = i +1'
++ echo 'scale=2;.62*63'
++ bc
+ z=39.06
+ printf '%s\n%s\n' 'BUSCANDO GLOBAL: {{global.host-firebase-auth}}' 'LENDO PIPELINES: 39.06%'
++ digibeectl get pipelines --pipeline-id efb3f65b-d0e4-4fc2-9f42-5692125c23c1 --flowspec
++ grep -a '{{global.host-firebase-auth}}' -o
++ wc -l
+ count=0
+ '[' 0 -gt 0 ']'
+ clear
+ read name pipelineId version archived
+ let 'i = i +1'
++ echo 'scale=2;.62*64'
++ bc
+ z=39.68
+ printf '%s\n%s\n' 'BUSCANDO GLOBAL: {{global.host-firebase-auth}}' 'LENDO PIPELINES: 39.68%'
++ digibeectl get pipelines --pipeline-id f0c708ee-eea8-4bc1-91ed-526225fb2070 --flowspec
++ grep -a '{{global.host-firebase-auth}}' -o
++ wc -l
+ count=0
+ '[' 0 -gt 0 ']'
+ clear
+ read name pipelineId version archived
+ let 'i = i +1'
++ echo 'scale=2;.62*65'
++ bc
+ z=40.30
+ printf '%s\n%s\n' 'BUSCANDO GLOBAL: {{global.host-firebase-auth}}' 'LENDO PIPELINES: 40.30%'
++ digibeectl get pipelines --pipeline-id 07b65d8d-716b-4199-a914-1c3a53e4f829 --flowspec
++ grep -a '{{global.host-firebase-auth}}' -o
++ wc -l
+ count=0
+ '[' 0 -gt 0 ']'
+ clear
+ read name pipelineId version archived
+ let 'i = i +1'
++ echo 'scale=2;.62*66'
++ bc
+ z=40.92
+ printf '%s\n%s\n' 'BUSCANDO GLOBAL: {{global.host-firebase-auth}}' 'LENDO PIPELINES: 40.92%'
++ digibeectl get pipelines --pipeline-id 88205bdb-b809-4279-ae4f-efe0dfb8cebe --flowspec
++ grep -a '{{global.host-firebase-auth}}' -o
++ wc -l
+ count=0
+ '[' 0 -gt 0 ']'
+ clear
+ read name pipelineId version archived
+ let 'i = i +1'
++ echo 'scale=2;.62*67'
++ bc
+ z=41.54
+ printf '%s\n%s\n' 'BUSCANDO GLOBAL: {{global.host-firebase-auth}}' 'LENDO PIPELINES: 41.54%'
++ digibeectl get pipelines --pipeline-id f8a1923d-9134-4a86-bb2e-bef7a82b83f8 --flowspec
++ grep -a '{{global.host-firebase-auth}}' -o
++ wc -l
+ count=0
+ '[' 0 -gt 0 ']'
+ clear
+ read name pipelineId version archived
+ let 'i = i +1'
++ echo 'scale=2;.62*68'
++ bc
+ z=42.16
+ printf '%s\n%s\n' 'BUSCANDO GLOBAL: {{global.host-firebase-auth}}' 'LENDO PIPELINES: 42.16%'
++ digibeectl get pipelines --pipeline-id 54fe1ae8-ff42-48d6-b3b3-a98406a612b6 --flowspec
++ grep -a '{{global.host-firebase-auth}}' -o
++ wc -l
+ count=0
+ '[' 0 -gt 0 ']'
+ clear
+ read name pipelineId version archived
+ let 'i = i +1'
++ echo 'scale=2;.62*69'
++ bc
+ z=42.78
+ printf '%s\n%s\n' 'BUSCANDO GLOBAL: {{global.host-firebase-auth}}' 'LENDO PIPELINES: 42.78%'
++ digibeectl get pipelines --pipeline-id 79fd21ea-ba62-44f9-a740-d2bbfaa61975 --flowspec
++ grep -a '{{global.host-firebase-auth}}' -o
++ wc -l
+ count=0
+ '[' 0 -gt 0 ']'
+ clear
+ read name pipelineId version archived
+ let 'i = i +1'
++ echo 'scale=2;.62*70'
++ bc
+ z=43.40
+ printf '%s\n%s\n' 'BUSCANDO GLOBAL: {{global.host-firebase-auth}}' 'LENDO PIPELINES: 43.40%'
++ digibeectl get pipelines --pipeline-id 82a1b796-1cc4-450c-8959-6a83e17773bb --flowspec
++ grep -a '{{global.host-firebase-auth}}' -o
++ wc -l
+ count=0
+ '[' 0 -gt 0 ']'
+ clear
+ read name pipelineId version archived
+ let 'i = i +1'
++ echo 'scale=2;.62*71'
++ bc
+ z=44.02
+ printf '%s\n%s\n' 'BUSCANDO GLOBAL: {{global.host-firebase-auth}}' 'LENDO PIPELINES: 44.02%'
++ digibeectl get pipelines --pipeline-id 8e672f8e-a999-46e8-94cb-6eb365e5ca7f --flowspec
++ grep -a '{{global.host-firebase-auth}}' -o
++ wc -l
+ count=0
+ '[' 0 -gt 0 ']'
+ clear
+ read name pipelineId version archived
+ let 'i = i +1'
++ echo 'scale=2;.62*72'
++ bc
+ z=44.64
+ printf '%s\n%s\n' 'BUSCANDO GLOBAL: {{global.host-firebase-auth}}' 'LENDO PIPELINES: 44.64%'
++ digibeectl get pipelines --pipeline-id d087a5ce-4d8c-45af-956d-661211b7cdb4 --flowspec
++ grep -a '{{global.host-firebase-auth}}' -o
++ wc -l
+ count=0
+ '[' 0 -gt 0 ']'
+ clear
+ read name pipelineId version archived
+ let 'i = i +1'
++ echo 'scale=2;.62*73'
++ bc
+ z=45.26
+ printf '%s\n%s\n' 'BUSCANDO GLOBAL: {{global.host-firebase-auth}}' 'LENDO PIPELINES: 45.26%'
++ digibeectl get pipelines --pipeline-id 34f30600-12ad-439b-b77d-3e425a6cba51 --flowspec
++ grep -a '{{global.host-firebase-auth}}' -o
++ wc -l
+ count=0
+ '[' 0 -gt 0 ']'
+ clear
+ read name pipelineId version archived
+ let 'i = i +1'
++ echo 'scale=2;.62*74'
++ bc
+ z=45.88
+ printf '%s\n%s\n' 'BUSCANDO GLOBAL: {{global.host-firebase-auth}}' 'LENDO PIPELINES: 45.88%'
++ digibeectl get pipelines --pipeline-id a3cfc524-01f6-467f-9400-f47dc721891a --flowspec
++ grep -a '{{global.host-firebase-auth}}' -o
++ wc -l
+ count=0
+ '[' 0 -gt 0 ']'
+ clear
+ read name pipelineId version archived
+ let 'i = i +1'
++ echo 'scale=2;.62*75'
++ bc
+ z=46.50
+ printf '%s\n%s\n' 'BUSCANDO GLOBAL: {{global.host-firebase-auth}}' 'LENDO PIPELINES: 46.50%'
++ digibeectl get pipelines --pipeline-id a1302306-0897-4688-b8be-7c955123940f --flowspec
++ grep -a '{{global.host-firebase-auth}}' -o
++ wc -l
+ count=0
+ '[' 0 -gt 0 ']'
+ clear
+ read name pipelineId version archived
+ let 'i = i +1'
++ echo 'scale=2;.62*76'
++ bc
+ z=47.12
+ printf '%s\n%s\n' 'BUSCANDO GLOBAL: {{global.host-firebase-auth}}' 'LENDO PIPELINES: 47.12%'
++ digibeectl get pipelines --pipeline-id 6fa79dbd-4142-48db-ba33-863e85802f18 --flowspec
++ grep -a '{{global.host-firebase-auth}}' -o
++ wc -l
+ count=0
+ '[' 0 -gt 0 ']'
+ clear
+ read name pipelineId version archived
+ let 'i = i +1'
++ echo 'scale=2;.62*77'
++ bc
+ z=47.74
+ printf '%s\n%s\n' 'BUSCANDO GLOBAL: {{global.host-firebase-auth}}' 'LENDO PIPELINES: 47.74%'
++ digibeectl get pipelines --pipeline-id aa273192-8e59-427c-a3c8-7668424f5702 --flowspec
++ grep -a '{{global.host-firebase-auth}}' -o
++ wc -l
+ count=0
+ '[' 0 -gt 0 ']'
+ clear
+ read name pipelineId version archived
+ let 'i = i +1'
++ echo 'scale=2;.62*78'
++ bc
+ z=48.36
+ printf '%s\n%s\n' 'BUSCANDO GLOBAL: {{global.host-firebase-auth}}' 'LENDO PIPELINES: 48.36%'
++ digibeectl get pipelines --pipeline-id 4bf19599-3bbf-4770-92bc-72c667f02d99 --flowspec
++ grep -a '{{global.host-firebase-auth}}' -o
++ wc -l
+ count=0
+ '[' 0 -gt 0 ']'
+ clear
+ read name pipelineId version archived
+ let 'i = i +1'
++ echo 'scale=2;.62*79'
++ bc
+ z=48.98
+ printf '%s\n%s\n' 'BUSCANDO GLOBAL: {{global.host-firebase-auth}}' 'LENDO PIPELINES: 48.98%'
++ digibeectl get pipelines --pipeline-id 6ac4aa3b-0a6d-40e1-b1d4-bfb2b0a9332b --flowspec
++ grep -a '{{global.host-firebase-auth}}' -o
++ wc -l
+ count=0
+ '[' 0 -gt 0 ']'
+ clear
+ read name pipelineId version archived
+ let 'i = i +1'
++ echo 'scale=2;.62*80'
++ bc
+ z=49.60
+ printf '%s\n%s\n' 'BUSCANDO GLOBAL: {{global.host-firebase-auth}}' 'LENDO PIPELINES: 49.60%'
++ digibeectl get pipelines --pipeline-id 7438f7a8-88e9-4b0e-9675-8f27fe32d403 --flowspec
++ grep -a '{{global.host-firebase-auth}}' -o
++ wc -l
+ count=0
+ '[' 0 -gt 0 ']'
+ clear
+ read name pipelineId version archived
+ let 'i = i +1'
++ echo 'scale=2;.62*81'
++ bc
+ z=50.22
+ printf '%s\n%s\n' 'BUSCANDO GLOBAL: {{global.host-firebase-auth}}' 'LENDO PIPELINES: 50.22%'
++ digibeectl get pipelines --pipeline-id dea85516-31b8-467c-a46e-c1e31818cfb8 --flowspec
++ grep -a '{{global.host-firebase-auth}}' -o
++ wc -l
+ count=0
+ '[' 0 -gt 0 ']'
+ clear
+ read name pipelineId version archived
+ let 'i = i +1'
++ echo 'scale=2;.62*82'
++ bc
+ z=50.84
+ printf '%s\n%s\n' 'BUSCANDO GLOBAL: {{global.host-firebase-auth}}' 'LENDO PIPELINES: 50.84%'
++ digibeectl get pipelines --pipeline-id 10467e7c-c44a-40a9-9a95-7d083e7f13b5 --flowspec
++ grep -a '{{global.host-firebase-auth}}' -o
++ wc -l
+ count=0
+ '[' 0 -gt 0 ']'
+ clear
+ read name pipelineId version archived
+ let 'i = i +1'
++ echo 'scale=2;.62*83'
++ bc
+ z=51.46
+ printf '%s\n%s\n' 'BUSCANDO GLOBAL: {{global.host-firebase-auth}}' 'LENDO PIPELINES: 51.46%'
++ digibeectl get pipelines --pipeline-id 4156aadc-156e-4e6b-a252-e89833860697 --flowspec
++ grep -a '{{global.host-firebase-auth}}' -o
++ wc -l
+ count=0
+ '[' 0 -gt 0 ']'
+ clear
+ read name pipelineId version archived
+ let 'i = i +1'
++ echo 'scale=2;.62*84'
++ bc
+ z=52.08
+ printf '%s\n%s\n' 'BUSCANDO GLOBAL: {{global.host-firebase-auth}}' 'LENDO PIPELINES: 52.08%'
++ digibeectl get pipelines --pipeline-id 4ae1cb28-a723-4f49-8707-433375000202 --flowspec
++ grep -a '{{global.host-firebase-auth}}' -o
++ wc -l
+ count=0
+ '[' 0 -gt 0 ']'
+ clear
+ read name pipelineId version archived
+ let 'i = i +1'
++ echo 'scale=2;.62*85'
++ bc
+ z=52.70
+ printf '%s\n%s\n' 'BUSCANDO GLOBAL: {{global.host-firebase-auth}}' 'LENDO PIPELINES: 52.70%'
++ digibeectl get pipelines --pipeline-id 7e762c9d-81e4-4701-936b-995a997425d7 --flowspec
++ grep -a '{{global.host-firebase-auth}}' -o
++ wc -l
+ count=0
+ '[' 0 -gt 0 ']'
+ clear
+ read name pipelineId version archived
+ let 'i = i +1'
++ echo 'scale=2;.62*86'
++ bc
+ z=53.32
+ printf '%s\n%s\n' 'BUSCANDO GLOBAL: {{global.host-firebase-auth}}' 'LENDO PIPELINES: 53.32%'
++ digibeectl get pipelines --pipeline-id aa7f2ba3-05bd-442a-a79e-1abdb7c5c8a3 --flowspec
++ grep -a '{{global.host-firebase-auth}}' -o
++ wc -l
+ count=0
+ '[' 0 -gt 0 ']'
+ clear
+ read name pipelineId version archived
+ let 'i = i +1'
++ echo 'scale=2;.62*87'
++ bc
+ z=53.94
+ printf '%s\n%s\n' 'BUSCANDO GLOBAL: {{global.host-firebase-auth}}' 'LENDO PIPELINES: 53.94%'
++ digibeectl get pipelines --pipeline-id 15650ffe-bfea-4794-b9cf-0b542505d1f5 --flowspec
++ grep -a '{{global.host-firebase-auth}}' -o
++ wc -l
+ count=0
+ '[' 0 -gt 0 ']'
+ clear
+ read name pipelineId version archived
+ let 'i = i +1'
++ echo 'scale=2;.62*88'
++ bc
+ z=54.56
+ printf '%s\n%s\n' 'BUSCANDO GLOBAL: {{global.host-firebase-auth}}' 'LENDO PIPELINES: 54.56%'
++ digibeectl get pipelines --pipeline-id 4743e32f-e2c6-4315-8c18-575ba37e6540 --flowspec
++ grep -a '{{global.host-firebase-auth}}' -o
++ wc -l
+ count=0
+ '[' 0 -gt 0 ']'
+ clear
+ read name pipelineId version archived
+ let 'i = i +1'
++ echo 'scale=2;.62*89'
++ bc
+ z=55.18
+ printf '%s\n%s\n' 'BUSCANDO GLOBAL: {{global.host-firebase-auth}}' 'LENDO PIPELINES: 55.18%'
++ digibeectl get pipelines --pipeline-id 9b348fce-1aba-4eba-82ec-e220deb782b1 --flowspec
++ grep -a '{{global.host-firebase-auth}}' -o
++ wc -l
+ count=0
+ '[' 0 -gt 0 ']'
+ clear
+ read name pipelineId version archived
+ let 'i = i +1'
++ echo 'scale=2;.62*90'
++ bc
+ z=55.80
+ printf '%s\n%s\n' 'BUSCANDO GLOBAL: {{global.host-firebase-auth}}' 'LENDO PIPELINES: 55.80%'
++ digibeectl get pipelines --pipeline-id 5833d0fd-c65b-4803-98dc-39f5761dabf1 --flowspec
++ grep -a '{{global.host-firebase-auth}}' -o
++ wc -l
+ count=0
+ '[' 0 -gt 0 ']'
+ clear
+ read name pipelineId version archived
+ let 'i = i +1'
++ echo 'scale=2;.62*91'
++ bc
+ z=56.42
+ printf '%s\n%s\n' 'BUSCANDO GLOBAL: {{global.host-firebase-auth}}' 'LENDO PIPELINES: 56.42%'
++ digibeectl get pipelines --pipeline-id d034c623-8aad-483e-bb9e-20e943c147dc --flowspec
++ grep -a '{{global.host-firebase-auth}}' -o
++ wc -l
+ count=0
+ '[' 0 -gt 0 ']'
+ clear
+ read name pipelineId version archived
+ let 'i = i +1'
++ echo 'scale=2;.62*92'
++ bc
+ z=57.04
+ printf '%s\n%s\n' 'BUSCANDO GLOBAL: {{global.host-firebase-auth}}' 'LENDO PIPELINES: 57.04%'
++ digibeectl get pipelines --pipeline-id d4a41efb-35ea-4a67-8cdb-1c2f45b7c55f --flowspec
++ grep -a '{{global.host-firebase-auth}}' -o
++ wc -l
+ count=0
+ '[' 0 -gt 0 ']'
+ clear
+ read name pipelineId version archived
+ let 'i = i +1'
++ echo 'scale=2;.62*93'
++ bc
+ z=57.66
+ printf '%s\n%s\n' 'BUSCANDO GLOBAL: {{global.host-firebase-auth}}' 'LENDO PIPELINES: 57.66%'
++ digibeectl get pipelines --pipeline-id c0392d16-249d-4fed-bafd-f875a1eaa20e --flowspec
++ grep -a '{{global.host-firebase-auth}}' -o
++ wc -l
+ count=0
+ '[' 0 -gt 0 ']'
+ clear
+ read name pipelineId version archived
+ let 'i = i +1'
++ echo 'scale=2;.62*94'
++ bc
+ z=58.28
+ printf '%s\n%s\n' 'BUSCANDO GLOBAL: {{global.host-firebase-auth}}' 'LENDO PIPELINES: 58.28%'
++ digibeectl get pipelines --pipeline-id 732e690d-c9b8-4aa2-b3e9-0cb60d420697 --flowspec
++ grep -a '{{global.host-firebase-auth}}' -o
++ wc -l
+ count=0
+ '[' 0 -gt 0 ']'
+ clear
+ read name pipelineId version archived
+ let 'i = i +1'
++ echo 'scale=2;.62*95'
++ bc
+ z=58.90
+ printf '%s\n%s\n' 'BUSCANDO GLOBAL: {{global.host-firebase-auth}}' 'LENDO PIPELINES: 58.90%'
++ digibeectl get pipelines --pipeline-id ca2f01d5-5310-40f6-9f7a-3fe1a683930f --flowspec
++ grep -a '{{global.host-firebase-auth}}' -o
++ wc -l
+ count=0
+ '[' 0 -gt 0 ']'
+ clear
+ read name pipelineId version archived
+ let 'i = i +1'
++ echo 'scale=2;.62*96'
++ bc
+ z=59.52
+ printf '%s\n%s\n' 'BUSCANDO GLOBAL: {{global.host-firebase-auth}}' 'LENDO PIPELINES: 59.52%'
++ digibeectl get pipelines --pipeline-id 901039a7-bd65-4d11-94e6-e35d753c233f --flowspec
++ grep -a '{{global.host-firebase-auth}}' -o
++ wc -l
+ count=0
+ '[' 0 -gt 0 ']'
+ clear
+ read name pipelineId version archived
+ let 'i = i +1'
++ echo 'scale=2;.62*97'
++ bc
+ z=60.14
+ printf '%s\n%s\n' 'BUSCANDO GLOBAL: {{global.host-firebase-auth}}' 'LENDO PIPELINES: 60.14%'
++ digibeectl get pipelines --pipeline-id e10518ea-9eb8-450b-a96c-ebe4106a526c --flowspec
++ grep -a '{{global.host-firebase-auth}}' -o
++ wc -l
+ count=0
+ '[' 0 -gt 0 ']'
+ clear
+ read name pipelineId version archived
+ let 'i = i +1'
++ echo 'scale=2;.62*98'
++ bc
+ z=60.76
+ printf '%s\n%s\n' 'BUSCANDO GLOBAL: {{global.host-firebase-auth}}' 'LENDO PIPELINES: 60.76%'
++ digibeectl get pipelines --pipeline-id bf4fbb92-2c33-443b-8491-3005c312f8a7 --flowspec
++ grep -a '{{global.host-firebase-auth}}' -o
++ wc -l
+ count=0
+ '[' 0 -gt 0 ']'
+ clear
+ read name pipelineId version archived
+ let 'i = i +1'
++ echo 'scale=2;.62*99'
++ bc
+ z=61.38
+ printf '%s\n%s\n' 'BUSCANDO GLOBAL: {{global.host-firebase-auth}}' 'LENDO PIPELINES: 61.38%'
++ digibeectl get pipelines --pipeline-id 43501753-b305-4c35-ae85-f5e06acca99a --flowspec
++ grep -a '{{global.host-firebase-auth}}' -o
++ wc -l
+ count=0
+ '[' 0 -gt 0 ']'
+ clear
+ read name pipelineId version archived
+ let 'i = i +1'
++ echo 'scale=2;.62*100'
++ bc
+ z=62.00
+ printf '%s\n%s\n' 'BUSCANDO GLOBAL: {{global.host-firebase-auth}}' 'LENDO PIPELINES: 62.00%'
++ digibeectl get pipelines --pipeline-id 85a63c40-e668-429d-a829-409223cb61fb --flowspec
++ grep -a '{{global.host-firebase-auth}}' -o
++ wc -l
+ count=0
+ '[' 0 -gt 0 ']'
+ clear
+ read name pipelineId version archived
+ let 'i = i +1'
++ echo 'scale=2;.62*101'
++ bc
+ z=62.62
+ printf '%s\n%s\n' 'BUSCANDO GLOBAL: {{global.host-firebase-auth}}' 'LENDO PIPELINES: 62.62%'
++ digibeectl get pipelines --pipeline-id e326ac85-c9e2-40d3-8d88-f887de09a9ec --flowspec
++ grep -a '{{global.host-firebase-auth}}' -o
++ wc -l
+ count=0
+ '[' 0 -gt 0 ']'
+ clear
+ read name pipelineId version archived
+ let 'i = i +1'
++ echo 'scale=2;.62*102'
++ bc
+ z=63.24
+ printf '%s\n%s\n' 'BUSCANDO GLOBAL: {{global.host-firebase-auth}}' 'LENDO PIPELINES: 63.24%'
++ digibeectl get pipelines --pipeline-id 07a5dbbd-ceed-4b2d-a399-5c029f6afbff --flowspec
++ grep -a '{{global.host-firebase-auth}}' -o
++ wc -l
+ count=0
+ '[' 0 -gt 0 ']'
+ clear
+ read name pipelineId version archived
+ let 'i = i +1'
++ echo 'scale=2;.62*103'
++ bc
+ z=63.86
+ printf '%s\n%s\n' 'BUSCANDO GLOBAL: {{global.host-firebase-auth}}' 'LENDO PIPELINES: 63.86%'
++ digibeectl get pipelines --pipeline-id 23bf9a45-bb34-437e-a847-da4ba2f9cf4e --flowspec
++ grep -a '{{global.host-firebase-auth}}' -o
++ wc -l
+ count=0
+ '[' 0 -gt 0 ']'
+ clear
+ read name pipelineId version archived
+ let 'i = i +1'
++ echo 'scale=2;.62*104'
++ bc
+ z=64.48
+ printf '%s\n%s\n' 'BUSCANDO GLOBAL: {{global.host-firebase-auth}}' 'LENDO PIPELINES: 64.48%'
++ digibeectl get pipelines --pipeline-id 209153dd-8a36-4136-8995-65b52911c3d9 --flowspec
++ grep -a '{{global.host-firebase-auth}}' -o
++ wc -l
+ count=0
+ '[' 0 -gt 0 ']'
+ clear
+ read name pipelineId version archived
+ let 'i = i +1'
++ echo 'scale=2;.62*105'
++ bc
+ z=65.10
+ printf '%s\n%s\n' 'BUSCANDO GLOBAL: {{global.host-firebase-auth}}' 'LENDO PIPELINES: 65.10%'
++ digibeectl get pipelines --pipeline-id d842d561-2f2b-4c59-93a9-c4e71205c49a --flowspec
++ grep -a '{{global.host-firebase-auth}}' -o
++ wc -l
+ count=0
+ '[' 0 -gt 0 ']'
+ clear
+ read name pipelineId version archived
+ let 'i = i +1'
++ echo 'scale=2;.62*106'
++ bc
+ z=65.72
+ printf '%s\n%s\n' 'BUSCANDO GLOBAL: {{global.host-firebase-auth}}' 'LENDO PIPELINES: 65.72%'
++ digibeectl get pipelines --pipeline-id 4603de5d-8b90-44bf-8750-79ab90acf39f --flowspec
++ grep -a '{{global.host-firebase-auth}}' -o
++ wc -l
+ count=0
+ '[' 0 -gt 0 ']'
+ clear
+ read name pipelineId version archived
+ let 'i = i +1'
++ echo 'scale=2;.62*107'
++ bc
+ z=66.34
+ printf '%s\n%s\n' 'BUSCANDO GLOBAL: {{global.host-firebase-auth}}' 'LENDO PIPELINES: 66.34%'
++ digibeectl get pipelines --pipeline-id 6705ea70-936c-486d-89a0-b0c0bdd0735f --flowspec
++ grep -a '{{global.host-firebase-auth}}' -o
++ wc -l
+ count=0
+ '[' 0 -gt 0 ']'
+ clear
+ read name pipelineId version archived
+ let 'i = i +1'
++ echo 'scale=2;.62*108'
++ bc
+ z=66.96
+ printf '%s\n%s\n' 'BUSCANDO GLOBAL: {{global.host-firebase-auth}}' 'LENDO PIPELINES: 66.96%'
++ digibeectl get pipelines --pipeline-id 1c5586a6-01bf-4d39-9bd7-13a706b26c77 --flowspec
++ grep -a '{{global.host-firebase-auth}}' -o
++ wc -l
+ count=0
+ '[' 0 -gt 0 ']'
+ clear
+ read name pipelineId version archived
+ let 'i = i +1'
++ echo 'scale=2;.62*109'
++ bc
+ z=67.58
+ printf '%s\n%s\n' 'BUSCANDO GLOBAL: {{global.host-firebase-auth}}' 'LENDO PIPELINES: 67.58%'
++ digibeectl get pipelines --pipeline-id ad30565b-91fc-4de9-aa8f-a6415d47d2d9 --flowspec
++ grep -a '{{global.host-firebase-auth}}' -o
++ wc -l
+ count=0
+ '[' 0 -gt 0 ']'
+ clear
+ read name pipelineId version archived
+ let 'i = i +1'
++ echo 'scale=2;.62*110'
++ bc
+ z=68.20
+ printf '%s\n%s\n' 'BUSCANDO GLOBAL: {{global.host-firebase-auth}}' 'LENDO PIPELINES: 68.20%'
++ digibeectl get pipelines --pipeline-id 4e3711a9-1d6a-46a9-9fc0-1d6d2a3d8953 --flowspec
++ grep -a '{{global.host-firebase-auth}}' -o
++ wc -l
+ count=0
+ '[' 0 -gt 0 ']'
+ clear
+ read name pipelineId version archived
+ let 'i = i +1'
++ echo 'scale=2;.62*111'
++ bc
+ z=68.82
+ printf '%s\n%s\n' 'BUSCANDO GLOBAL: {{global.host-firebase-auth}}' 'LENDO PIPELINES: 68.82%'
++ digibeectl get pipelines --pipeline-id 958181c9-c978-4730-b405-79729b794a9e --flowspec
++ grep -a '{{global.host-firebase-auth}}' -o
++ wc -l
+ count=0
+ '[' 0 -gt 0 ']'
+ clear
+ read name pipelineId version archived
+ let 'i = i +1'
++ echo 'scale=2;.62*112'
++ bc
+ z=69.44
+ printf '%s\n%s\n' 'BUSCANDO GLOBAL: {{global.host-firebase-auth}}' 'LENDO PIPELINES: 69.44%'
++ digibeectl get pipelines --pipeline-id 9b1aab3d-5670-4f7a-81cc-219f19433ebf --flowspec
++ grep -a '{{global.host-firebase-auth}}' -o
++ wc -l
+ count=0
+ '[' 0 -gt 0 ']'
+ clear
+ read name pipelineId version archived
+ let 'i = i +1'
++ echo 'scale=2;.62*113'
++ bc
+ z=70.06
+ printf '%s\n%s\n' 'BUSCANDO GLOBAL: {{global.host-firebase-auth}}' 'LENDO PIPELINES: 70.06%'
++ digibeectl get pipelines --pipeline-id b7155da6-d2a3-474a-8dc7-aa92ee3e967b --flowspec
++ grep -a '{{global.host-firebase-auth}}' -o
++ wc -l
+ count=0
+ '[' 0 -gt 0 ']'
+ clear
+ read name pipelineId version archived
+ let 'i = i +1'
++ echo 'scale=2;.62*114'
++ bc
+ z=70.68
+ printf '%s\n%s\n' 'BUSCANDO GLOBAL: {{global.host-firebase-auth}}' 'LENDO PIPELINES: 70.68%'
++ digibeectl get pipelines --pipeline-id 6b312b0f-7c80-4ab4-ab4e-d989e75df1e8 --flowspec
++ grep -a '{{global.host-firebase-auth}}' -o
++ wc -l
+ count=0
+ '[' 0 -gt 0 ']'
+ clear
+ read name pipelineId version archived
+ let 'i = i +1'
++ echo 'scale=2;.62*115'
++ bc
+ z=71.30
+ printf '%s\n%s\n' 'BUSCANDO GLOBAL: {{global.host-firebase-auth}}' 'LENDO PIPELINES: 71.30%'
++ digibeectl get pipelines --pipeline-id 6647e359-28cb-444e-8de1-3620c49c9b10 --flowspec
++ grep -a '{{global.host-firebase-auth}}' -o
++ wc -l
+ count=0
+ '[' 0 -gt 0 ']'
+ clear
+ read name pipelineId version archived
+ let 'i = i +1'
++ echo 'scale=2;.62*116'
++ bc
+ z=71.92
+ printf '%s\n%s\n' 'BUSCANDO GLOBAL: {{global.host-firebase-auth}}' 'LENDO PIPELINES: 71.92%'
++ digibeectl get pipelines --pipeline-id 1d0a301e-d171-44e0-8364-e1f74b425d9a --flowspec
++ grep -a '{{global.host-firebase-auth}}' -o
++ wc -l
+ count=0
+ '[' 0 -gt 0 ']'
+ clear
+ read name pipelineId version archived
+ let 'i = i +1'
++ echo 'scale=2;.62*117'
++ bc
+ z=72.54
+ printf '%s\n%s\n' 'BUSCANDO GLOBAL: {{global.host-firebase-auth}}' 'LENDO PIPELINES: 72.54%'
++ digibeectl get pipelines --pipeline-id a4f9ba92-fd55-47e0-8a4e-e6e092cbc0b1 --flowspec
++ grep -a '{{global.host-firebase-auth}}' -o
++ wc -l
+ count=0
+ '[' 0 -gt 0 ']'
+ clear
+ read name pipelineId version archived
+ let 'i = i +1'
++ echo 'scale=2;.62*118'
++ bc
+ z=73.16
+ printf '%s\n%s\n' 'BUSCANDO GLOBAL: {{global.host-firebase-auth}}' 'LENDO PIPELINES: 73.16%'
++ digibeectl get pipelines --pipeline-id e21d3511-6fa3-4eb7-89ed-12cea63241e6 --flowspec
++ grep -a '{{global.host-firebase-auth}}' -o
++ wc -l
+ count=0
+ '[' 0 -gt 0 ']'
+ clear
+ read name pipelineId version archived
+ let 'i = i +1'
++ echo 'scale=2;.62*119'
++ bc
+ z=73.78
+ printf '%s\n%s\n' 'BUSCANDO GLOBAL: {{global.host-firebase-auth}}' 'LENDO PIPELINES: 73.78%'
++ digibeectl get pipelines --pipeline-id bf454803-98f4-41c9-a86e-d41f400e576f --flowspec
++ grep -a '{{global.host-firebase-auth}}' -o
++ wc -l
+ count=0
+ '[' 0 -gt 0 ']'
+ clear
+ read name pipelineId version archived
+ let 'i = i +1'
++ echo 'scale=2;.62*120'
++ bc
+ z=74.40
+ printf '%s\n%s\n' 'BUSCANDO GLOBAL: {{global.host-firebase-auth}}' 'LENDO PIPELINES: 74.40%'
++ digibeectl get pipelines --pipeline-id e0116494-8ddf-463e-be8b-3e723bdf6f3b --flowspec
++ grep -a '{{global.host-firebase-auth}}' -o
++ wc -l
+ count=0
+ '[' 0 -gt 0 ']'
+ clear
+ read name pipelineId version archived
+ let 'i = i +1'
++ echo 'scale=2;.62*121'
++ bc
+ z=75.02
+ printf '%s\n%s\n' 'BUSCANDO GLOBAL: {{global.host-firebase-auth}}' 'LENDO PIPELINES: 75.02%'
++ digibeectl get pipelines --pipeline-id a0e512d7-212d-47c4-99e8-b63de59f88fe --flowspec
++ grep -a '{{global.host-firebase-auth}}' -o
++ wc -l
+ count=1
+ '[' 1 -gt 0 ']'
+ printf '%-40s|%-40s|%-10s|%s\n' test-home a0e512d7-212d-47c4-99e8-b63de59f88fe 1.1 false
++ date +%Y%m%d-%H%M%S.%s
++ printf '%s|%s|%s|%s' test-home a0e512d7-212d-47c4-99e8-b63de59f88fe 1.1 false
+ echo '20230202-115723.1675349843:FIND_GLOBAL:Pipeline encontrado: test-home|a0e512d7-212d-47c4-99e8-b63de59f88fe|1.1|false.'
+ let 'x = x +1'
+ clear
+ read name pipelineId version archived
+ let 'i = i +1'
++ echo 'scale=2;.62*122'
++ bc
+ z=75.64
+ printf '%s\n%s\n' 'BUSCANDO GLOBAL: {{global.host-firebase-auth}}' 'LENDO PIPELINES: 75.64%'
++ digibeectl get pipelines --pipeline-id 6cdbc073-491c-4284-8449-a98db3890e6f --flowspec
++ grep -a '{{global.host-firebase-auth}}' -o
++ wc -l
+ count=0
+ '[' 0 -gt 0 ']'
+ clear
+ read name pipelineId version archived
+ let 'i = i +1'
++ echo 'scale=2;.62*123'
++ bc
+ z=76.26
+ printf '%s\n%s\n' 'BUSCANDO GLOBAL: {{global.host-firebase-auth}}' 'LENDO PIPELINES: 76.26%'
++ digibeectl get pipelines --pipeline-id 4023f19d-a2aa-4e16-a465-80aebfe16207 --flowspec
++ grep -a '{{global.host-firebase-auth}}' -o
++ wc -l
+ count=0
+ '[' 0 -gt 0 ']'
+ clear
+ read name pipelineId version archived
+ let 'i = i +1'
++ echo 'scale=2;.62*124'
++ bc
+ z=76.88
+ printf '%s\n%s\n' 'BUSCANDO GLOBAL: {{global.host-firebase-auth}}' 'LENDO PIPELINES: 76.88%'
++ digibeectl get pipelines --pipeline-id d461c568-7043-45be-ad97-dc73721e548b --flowspec
++ grep -a '{{global.host-firebase-auth}}' -o
++ wc -l
+ count=0
+ '[' 0 -gt 0 ']'
+ clear
+ read name pipelineId version archived
+ let 'i = i +1'
++ echo 'scale=2;.62*125'
++ bc
+ z=77.50
+ printf '%s\n%s\n' 'BUSCANDO GLOBAL: {{global.host-firebase-auth}}' 'LENDO PIPELINES: 77.50%'
++ digibeectl get pipelines --pipeline-id bc8d4be8-ad46-40b5-944b-cb402deb48ef --flowspec
++ grep -a '{{global.host-firebase-auth}}' -o
++ wc -l
+ count=0
+ '[' 0 -gt 0 ']'
+ clear
+ read name pipelineId version archived
+ let 'i = i +1'
++ echo 'scale=2;.62*126'
++ bc
+ z=78.12
+ printf '%s\n%s\n' 'BUSCANDO GLOBAL: {{global.host-firebase-auth}}' 'LENDO PIPELINES: 78.12%'
++ digibeectl get pipelines --pipeline-id bef24d87-6a45-4643-9c5b-c372533bc385 --flowspec
++ grep -a '{{global.host-firebase-auth}}' -o
++ wc -l
+ count=0
+ '[' 0 -gt 0 ']'
+ clear
+ read name pipelineId version archived
+ let 'i = i +1'
++ echo 'scale=2;.62*127'
++ bc
+ z=78.74
+ printf '%s\n%s\n' 'BUSCANDO GLOBAL: {{global.host-firebase-auth}}' 'LENDO PIPELINES: 78.74%'
++ digibeectl get pipelines --pipeline-id 3fd40821-04b6-4350-a98a-8876b7930d8c --flowspec
++ grep -a '{{global.host-firebase-auth}}' -o
++ wc -l
+ count=0
+ '[' 0 -gt 0 ']'
+ clear
+ read name pipelineId version archived
+ let 'i = i +1'
++ echo 'scale=2;.62*128'
++ bc
+ z=79.36
+ printf '%s\n%s\n' 'BUSCANDO GLOBAL: {{global.host-firebase-auth}}' 'LENDO PIPELINES: 79.36%'
++ digibeectl get pipelines --pipeline-id a2532010-bb3a-47a1-a7eb-a802d47bd446 --flowspec
++ grep -a '{{global.host-firebase-auth}}' -o
++ wc -l
+ count=0
+ '[' 0 -gt 0 ']'
+ clear
+ read name pipelineId version archived
+ let 'i = i +1'
++ echo 'scale=2;.62*129'
++ bc
+ z=79.98
+ printf '%s\n%s\n' 'BUSCANDO GLOBAL: {{global.host-firebase-auth}}' 'LENDO PIPELINES: 79.98%'
++ digibeectl get pipelines --pipeline-id b5ce243e-0190-4361-ac96-7fd9c5929f2f --flowspec
++ grep -a '{{global.host-firebase-auth}}' -o
++ wc -l
+ count=0
+ '[' 0 -gt 0 ']'
+ clear
+ read name pipelineId version archived
+ let 'i = i +1'
++ echo 'scale=2;.62*130'
++ bc
+ z=80.60
+ printf '%s\n%s\n' 'BUSCANDO GLOBAL: {{global.host-firebase-auth}}' 'LENDO PIPELINES: 80.60%'
++ digibeectl get pipelines --pipeline-id 07bffc15-1de0-417b-9d7a-e73a3f912d04 --flowspec
++ grep -a '{{global.host-firebase-auth}}' -o
++ wc -l
+ count=0
+ '[' 0 -gt 0 ']'
+ clear
+ read name pipelineId version archived
+ let 'i = i +1'
++ echo 'scale=2;.62*131'
++ bc
+ z=81.22
+ printf '%s\n%s\n' 'BUSCANDO GLOBAL: {{global.host-firebase-auth}}' 'LENDO PIPELINES: 81.22%'
++ digibeectl get pipelines --pipeline-id 875bb5bf-a784-4847-9260-cfde46b269c9 --flowspec
++ grep -a '{{global.host-firebase-auth}}' -o
++ wc -l
+ count=0
+ '[' 0 -gt 0 ']'
+ clear
+ read name pipelineId version archived
+ let 'i = i +1'
++ echo 'scale=2;.62*132'
++ bc
+ z=81.84
+ printf '%s\n%s\n' 'BUSCANDO GLOBAL: {{global.host-firebase-auth}}' 'LENDO PIPELINES: 81.84%'
++ digibeectl get pipelines --pipeline-id 25178cb2-e2fe-479a-ba41-aeddef96d6c2 --flowspec
++ grep -a '{{global.host-firebase-auth}}' -o
++ wc -l
+ count=0
+ '[' 0 -gt 0 ']'
+ clear
+ read name pipelineId version archived
+ let 'i = i +1'
++ echo 'scale=2;.62*133'
++ bc
+ z=82.46
+ printf '%s\n%s\n' 'BUSCANDO GLOBAL: {{global.host-firebase-auth}}' 'LENDO PIPELINES: 82.46%'
++ digibeectl get pipelines --pipeline-id c303d607-fa61-4480-83f9-bfef81945bf4 --flowspec
++ grep -a '{{global.host-firebase-auth}}' -o
++ wc -l
+ count=0
+ '[' 0 -gt 0 ']'
+ clear
+ read name pipelineId version archived
+ let 'i = i +1'
++ echo 'scale=2;.62*134'
++ bc
+ z=83.08
+ printf '%s\n%s\n' 'BUSCANDO GLOBAL: {{global.host-firebase-auth}}' 'LENDO PIPELINES: 83.08%'
++ digibeectl get pipelines --pipeline-id e2c27aec-bb5e-4905-bc6b-81770841daa4 --flowspec
++ grep -a '{{global.host-firebase-auth}}' -o
++ wc -l
+ count=0
+ '[' 0 -gt 0 ']'
+ clear
+ read name pipelineId version archived
+ let 'i = i +1'
++ echo 'scale=2;.62*135'
++ bc
+ z=83.70
+ printf '%s\n%s\n' 'BUSCANDO GLOBAL: {{global.host-firebase-auth}}' 'LENDO PIPELINES: 83.70%'
++ digibeectl get pipelines --pipeline-id fbbdfc8a-9a9d-4a34-b5d6-ff4c41d5d203 --flowspec
++ grep -a '{{global.host-firebase-auth}}' -o
++ wc -l
+ count=0
+ '[' 0 -gt 0 ']'
+ clear
+ read name pipelineId version archived
+ let 'i = i +1'
++ echo 'scale=2;.62*136'
++ bc
+ z=84.32
+ printf '%s\n%s\n' 'BUSCANDO GLOBAL: {{global.host-firebase-auth}}' 'LENDO PIPELINES: 84.32%'
++ digibeectl get pipelines --pipeline-id 4755ffde-b337-4ec3-9077-5a46e37fae8c --flowspec
++ grep -a '{{global.host-firebase-auth}}' -o
++ wc -l
+ count=0
+ '[' 0 -gt 0 ']'
+ clear
+ read name pipelineId version archived
+ let 'i = i +1'
++ echo 'scale=2;.62*137'
++ bc
+ z=84.94
+ printf '%s\n%s\n' 'BUSCANDO GLOBAL: {{global.host-firebase-auth}}' 'LENDO PIPELINES: 84.94%'
++ digibeectl get pipelines --pipeline-id 3418c15f-bac8-4640-80f5-c1b83e4663cc --flowspec
++ grep -a '{{global.host-firebase-auth}}' -o
++ wc -l
+ count=0
+ '[' 0 -gt 0 ']'
+ clear
+ read name pipelineId version archived
+ let 'i = i +1'
++ echo 'scale=2;.62*138'
++ bc
+ z=85.56
+ printf '%s\n%s\n' 'BUSCANDO GLOBAL: {{global.host-firebase-auth}}' 'LENDO PIPELINES: 85.56%'
++ digibeectl get pipelines --pipeline-id 48a1a296-573d-4496-b2ef-2461037d7641 --flowspec
++ grep -a '{{global.host-firebase-auth}}' -o
++ wc -l
+ count=0
+ '[' 0 -gt 0 ']'
+ clear
+ read name pipelineId version archived
+ let 'i = i +1'
++ echo 'scale=2;.62*139'
++ bc
+ z=86.18
+ printf '%s\n%s\n' 'BUSCANDO GLOBAL: {{global.host-firebase-auth}}' 'LENDO PIPELINES: 86.18%'
++ digibeectl get pipelines --pipeline-id 157e21eb-3ef9-4efd-aed5-54295c2dba40 --flowspec
++ grep -a '{{global.host-firebase-auth}}' -o
++ wc -l
+ count=0
+ '[' 0 -gt 0 ']'
+ clear
+ read name pipelineId version archived
+ let 'i = i +1'
++ echo 'scale=2;.62*140'
++ bc
+ z=86.80
+ printf '%s\n%s\n' 'BUSCANDO GLOBAL: {{global.host-firebase-auth}}' 'LENDO PIPELINES: 86.80%'
++ digibeectl get pipelines --pipeline-id 53b33414-a2d1-4eaa-a9e0-bb168aa144cd --flowspec
++ grep -a '{{global.host-firebase-auth}}' -o
++ wc -l
+ count=0
+ '[' 0 -gt 0 ']'
+ clear
+ read name pipelineId version archived
+ let 'i = i +1'
++ echo 'scale=2;.62*141'
++ bc
+ z=87.42
+ printf '%s\n%s\n' 'BUSCANDO GLOBAL: {{global.host-firebase-auth}}' 'LENDO PIPELINES: 87.42%'
++ digibeectl get pipelines --pipeline-id d6f40af1-42fe-4f69-9a89-3aa8704d9933 --flowspec
++ grep -a '{{global.host-firebase-auth}}' -o
++ wc -l
+ count=0
+ '[' 0 -gt 0 ']'
+ clear
+ read name pipelineId version archived
+ let 'i = i +1'
++ echo 'scale=2;.62*142'
++ bc
+ z=88.04
+ printf '%s\n%s\n' 'BUSCANDO GLOBAL: {{global.host-firebase-auth}}' 'LENDO PIPELINES: 88.04%'
++ digibeectl get pipelines --pipeline-id b288af7c-a1b0-43ea-99cc-ab8bfcf217ee --flowspec
++ grep -a '{{global.host-firebase-auth}}' -o
++ wc -l
+ count=0
+ '[' 0 -gt 0 ']'
+ clear
+ read name pipelineId version archived
+ let 'i = i +1'
++ echo 'scale=2;.62*143'
++ bc
+ z=88.66
+ printf '%s\n%s\n' 'BUSCANDO GLOBAL: {{global.host-firebase-auth}}' 'LENDO PIPELINES: 88.66%'
++ digibeectl get pipelines --pipeline-id 75ce3f18-ea1d-4641-9a65-063e4a3ab2e6 --flowspec
++ grep -a '{{global.host-firebase-auth}}' -o
++ wc -l
+ count=0
+ '[' 0 -gt 0 ']'
+ clear
+ read name pipelineId version archived
+ let 'i = i +1'
++ echo 'scale=2;.62*144'
++ bc
+ z=89.28
+ printf '%s\n%s\n' 'BUSCANDO GLOBAL: {{global.host-firebase-auth}}' 'LENDO PIPELINES: 89.28%'
++ digibeectl get pipelines --pipeline-id 165814c4-3e8d-4ed6-8dd3-bcce68912f76 --flowspec
++ grep -a '{{global.host-firebase-auth}}' -o
++ wc -l
+ count=0
+ '[' 0 -gt 0 ']'
+ clear
+ read name pipelineId version archived
+ let 'i = i +1'
++ echo 'scale=2;.62*145'
++ bc
+ z=89.90
+ printf '%s\n%s\n' 'BUSCANDO GLOBAL: {{global.host-firebase-auth}}' 'LENDO PIPELINES: 89.90%'
++ digibeectl get pipelines --pipeline-id e928a20c-8a34-484d-9fad-b2a7e6d64617 --flowspec
++ grep -a '{{global.host-firebase-auth}}' -o
++ wc -l
+ count=0
+ '[' 0 -gt 0 ']'
+ clear
+ read name pipelineId version archived
+ let 'i = i +1'
++ echo 'scale=2;.62*146'
++ bc
+ z=90.52
+ printf '%s\n%s\n' 'BUSCANDO GLOBAL: {{global.host-firebase-auth}}' 'LENDO PIPELINES: 90.52%'
++ digibeectl get pipelines --pipeline-id 6342dbdb-27d7-419d-9ee5-7d09a888c49c --flowspec
++ grep -a '{{global.host-firebase-auth}}' -o
++ wc -l
+ count=0
+ '[' 0 -gt 0 ']'
+ clear
+ read name pipelineId version archived
+ let 'i = i +1'
++ echo 'scale=2;.62*147'
++ bc
+ z=91.14
+ printf '%s\n%s\n' 'BUSCANDO GLOBAL: {{global.host-firebase-auth}}' 'LENDO PIPELINES: 91.14%'
++ digibeectl get pipelines --pipeline-id aade723a-3467-4b62-82a5-46851ee4d6a0 --flowspec
++ grep -a '{{global.host-firebase-auth}}' -o
++ wc -l
+ count=0
+ '[' 0 -gt 0 ']'
+ clear
+ read name pipelineId version archived
+ let 'i = i +1'
++ echo 'scale=2;.62*148'
++ bc
+ z=91.76
+ printf '%s\n%s\n' 'BUSCANDO GLOBAL: {{global.host-firebase-auth}}' 'LENDO PIPELINES: 91.76%'
++ digibeectl get pipelines --pipeline-id f1333aed-5169-43bb-a217-03b46caff661 --flowspec
++ grep -a '{{global.host-firebase-auth}}' -o
++ wc -l
+ count=0
+ '[' 0 -gt 0 ']'
+ clear
+ read name pipelineId version archived
+ let 'i = i +1'
++ echo 'scale=2;.62*149'
++ bc
+ z=92.38
+ printf '%s\n%s\n' 'BUSCANDO GLOBAL: {{global.host-firebase-auth}}' 'LENDO PIPELINES: 92.38%'
++ digibeectl get pipelines --pipeline-id 63b7ef2c-ff9b-44d4-8c4e-f29f3a632db2 --flowspec
++ grep -a '{{global.host-firebase-auth}}' -o
++ wc -l
+ count=0
+ '[' 0 -gt 0 ']'
+ clear
+ read name pipelineId version archived
+ let 'i = i +1'
++ echo 'scale=2;.62*150'
++ bc
+ z=93.00
+ printf '%s\n%s\n' 'BUSCANDO GLOBAL: {{global.host-firebase-auth}}' 'LENDO PIPELINES: 93.00%'
++ digibeectl get pipelines --pipeline-id f444d604-1afb-4546-a594-85fb448328e2 --flowspec
++ grep -a '{{global.host-firebase-auth}}' -o
++ wc -l
+ count=0
+ '[' 0 -gt 0 ']'
+ clear
+ read name pipelineId version archived
+ let 'i = i +1'
++ echo 'scale=2;.62*151'
++ bc
+ z=93.62
+ printf '%s\n%s\n' 'BUSCANDO GLOBAL: {{global.host-firebase-auth}}' 'LENDO PIPELINES: 93.62%'
++ digibeectl get pipelines --pipeline-id b1dc8c4a-8e6a-40e0-8cf3-87e841647d35 --flowspec
++ grep -a '{{global.host-firebase-auth}}' -o
++ wc -l
+ count=0
+ '[' 0 -gt 0 ']'
+ clear
+ read name pipelineId version archived
+ let 'i = i +1'
++ echo 'scale=2;.62*152'
++ bc
+ z=94.24
+ printf '%s\n%s\n' 'BUSCANDO GLOBAL: {{global.host-firebase-auth}}' 'LENDO PIPELINES: 94.24%'
++ digibeectl get pipelines --pipeline-id 3a5940d1-253e-469b-bd77-f2f7e7a77e97 --flowspec
++ grep -a '{{global.host-firebase-auth}}' -o
++ wc -l
+ count=0
+ '[' 0 -gt 0 ']'
+ clear
+ read name pipelineId version archived
+ let 'i = i +1'
++ echo 'scale=2;.62*153'
++ bc
+ z=94.86
+ printf '%s\n%s\n' 'BUSCANDO GLOBAL: {{global.host-firebase-auth}}' 'LENDO PIPELINES: 94.86%'
++ digibeectl get pipelines --pipeline-id c6d3dd13-24a3-4c1e-9367-453a6ee04204 --flowspec
++ grep -a '{{global.host-firebase-auth}}' -o
++ wc -l
+ count=0
+ '[' 0 -gt 0 ']'
+ clear
+ read name pipelineId version archived
+ let 'i = i +1'
++ echo 'scale=2;.62*154'
++ bc
+ z=95.48
+ printf '%s\n%s\n' 'BUSCANDO GLOBAL: {{global.host-firebase-auth}}' 'LENDO PIPELINES: 95.48%'
++ digibeectl get pipelines --pipeline-id fc83d90e-e4a1-4f5e-aaa3-d5fe37d209dc --flowspec
++ grep -a '{{global.host-firebase-auth}}' -o
++ wc -l
+ count=0
+ '[' 0 -gt 0 ']'
+ clear
+ read name pipelineId version archived
+ let 'i = i +1'
++ echo 'scale=2;.62*155'
++ bc
+ z=96.10
+ printf '%s\n%s\n' 'BUSCANDO GLOBAL: {{global.host-firebase-auth}}' 'LENDO PIPELINES: 96.10%'
++ digibeectl get pipelines --pipeline-id 908bc02e-64d6-4749-92bd-cab967ac7f31 --flowspec
++ grep -a '{{global.host-firebase-auth}}' -o
++ wc -l
+ count=0
+ '[' 0 -gt 0 ']'
+ clear
+ read name pipelineId version archived
+ let 'i = i +1'
++ echo 'scale=2;.62*156'
++ bc
+ z=96.72
+ printf '%s\n%s\n' 'BUSCANDO GLOBAL: {{global.host-firebase-auth}}' 'LENDO PIPELINES: 96.72%'
++ digibeectl get pipelines --pipeline-id bb8c6341-90d2-4c9b-a05f-be806b9db44f --flowspec
++ grep -a '{{global.host-firebase-auth}}' -o
++ wc -l
+ count=0
+ '[' 0 -gt 0 ']'
+ clear
+ read name pipelineId version archived
+ let 'i = i +1'
++ echo 'scale=2;.62*157'
++ bc
+ z=97.34
+ printf '%s\n%s\n' 'BUSCANDO GLOBAL: {{global.host-firebase-auth}}' 'LENDO PIPELINES: 97.34%'
++ digibeectl get pipelines --pipeline-id 018c8bb0-ad50-44fa-8153-3eb4c42dfebc --flowspec
++ grep -a '{{global.host-firebase-auth}}' -o
++ wc -l
+ count=0
+ '[' 0 -gt 0 ']'
+ clear
+ read name pipelineId version archived
+ let 'i = i +1'
++ echo 'scale=2;.62*158'
++ bc
+ z=97.96
+ printf '%s\n%s\n' 'BUSCANDO GLOBAL: {{global.host-firebase-auth}}' 'LENDO PIPELINES: 97.96%'
++ digibeectl get pipelines --pipeline-id 19333fde-da6e-49b5-aa17-126303057b9b --flowspec
++ grep -a '{{global.host-firebase-auth}}' -o
++ wc -l
+ count=0
+ '[' 0 -gt 0 ']'
+ clear
+ read name pipelineId version archived
+ let 'i = i +1'
++ echo 'scale=2;.62*159'
++ bc
+ z=98.58
+ printf '%s\n%s\n' 'BUSCANDO GLOBAL: {{global.host-firebase-auth}}' 'LENDO PIPELINES: 98.58%'
++ digibeectl get pipelines --pipeline-id 81c3ee5f-7939-464e-9186-cf596f8880c9 --flowspec
++ grep -a '{{global.host-firebase-auth}}' -o
++ wc -l
+ count=0
+ '[' 0 -gt 0 ']'
+ clear
+ read name pipelineId version archived
+ let 'i = i +1'
++ echo 'scale=2;.62*160'
++ bc
+ z=99.20
+ printf '%s\n%s\n' 'BUSCANDO GLOBAL: {{global.host-firebase-auth}}' 'LENDO PIPELINES: 99.20%'
++ digibeectl get pipelines --pipeline-id bf6e5dbd-1c56-4c46-90e7-6badb7a4cb44 --flowspec
++ grep -a '{{global.host-firebase-auth}}' -o
++ wc -l
+ count=0
+ '[' 0 -gt 0 ']'
+ clear
+ read name pipelineId version archived
+ let 'i = i +1'
++ echo 'scale=2;.62*161'
++ bc
+ z=99.82
+ printf '%s\n%s\n' 'BUSCANDO GLOBAL: {{global.host-firebase-auth}}' 'LENDO PIPELINES: 99.82%'
++ digibeectl get pipelines --pipeline-id 2aa26ab5-6c39-4523-9eff-1ba02d5a0cfb --flowspec
++ grep -a '{{global.host-firebase-auth}}' -o
++ wc -l
+ count=0
+ '[' 0 -gt 0 ']'
+ clear
+ read name pipelineId version archived
+ clear
+ printf '%s\n%s\n\n' 'BUSCANDO GLOBAL: {{global.host-firebase-auth}}' 'LENDO LISTA DE PIPELINES: 100.00%'
+ cat /home/digibee/Documentos/digibee/digibeectl/.tempOutpuFind.txt
++ seq -s - 93
++ tr -d '[:digit:]'
++ seq -s - 41
++ tr -d '[:digit:]'
+ printf '%s|%s\n' -------------------------------------------------------------------------------------------- ----------------------------------------
+ printf '%-92s|%s\n' 'TOTAL ENCONTRADO' 1
++ seq -s - 93
++ tr -d '[:digit:]'
++ seq -s - 41
++ tr -d '[:digit:]'
+ printf '%s|%s\n' -------------------------------------------------------------------------------------------- ----------------------------------------
++ date +%Y%m%d-%H%M%S.%s
+ echo '20230202-115728.1675349848:FIND_GLOBAL:Total encontrado: 1.'
++ date +%Y%m%d-%H%M%S.%s
+ echo 20230202-115728.1675349848:FIND_GLOBAL:
++ date +%Y%m%d-%H%M%S.%s
+ echo '20230202-115728.1675349848:FIND_GLOBAL:Função finalizada.'
