+ CONFIG=/home/digibee/Documentos/digibee/digibeectl/config.conf
++ basename ./aux-digibeectl.sh
+ SCRIPT=aux-digibeectl.sh
+ OUTPUT_FILE_LIST_PIPELINES=/home/digibee/Documentos/digibee/digibeectl/.listPipelines.txt
+ TEMP_OUTPUT_FILE_LIST_PIPELINES=/home/digibee/Documentos/digibee/digibeectl/.tempListPipelines.txt
+ OUTPUT_FILE_FULL_LIST_PIPELINES=/home/digibee/Documentos/digibee/digibeectl/.listFullPipelines.txt
+ TEMP_OUTPUT_FULL_FILE_LIST_PIPELINES=/home/digibee/Documentos/digibee/digibeectl/.tempListFullPipelines.txt
+ OUTPUT_FILE_LIST_DEPLOYMENT_PIPELINES=/home/digibee/Documentos/digibee/digibeectl/.listDeploymentPipelines.txt
+ TEMP_OUTPUT_FILE_LIST_DEPLOYMENT_PIPELINES=/home/digibee/Documentos/digibee/digibeectl/.tempListDeploymentPipelines.txt
+ INPUT_FILE_MULT_GLOBALS=/home/digibee/Documentos/digibee/digibeectl/globals.txt
+ INPUT_FILE_MULT_DEPLOYS=/home/digibee/Documentos/digibee/digibeectl/pipelines-deploys.csv
+ OUTPUT_PIPELINES_DEPLOYS=/home/digibee/Documentos/digibee/digibeectl/.pipelinesDeploys.txt
+ PERC='|/-\|-'
+ PIPELINE_NAME=
+ PIPELINE_VERSION_MAJOR=1
+ BYPASS_LIST_PIPELINES=0
+ . /home/digibee/Documentos/digibee/digibeectl/config.conf
++ PIPELINES=deploy-onboarding.csv
++ REALM=n26
++ MYSQL_HOST=localhost
++ MYSQL_USER=digibeectl
++ MYSQL_PASS=digibeectl
++ MYSQL_BD=digibeectl
+ FUNC=--menu
+ VAR_1=
+ case $FUNC in
+ main
++ date +%Y%m%d-%H%M%S.%s
+ echo '20220809-205619.1660089379:MAIN:Iniciando função.'
++ date +%Y%m%d-%H%M%S.%s
+ echo '20220809-205619.1660089379:MAIN:Listando opções.'
+ echo -e -n '\n[01] - LISTAR PIPELINES\n'
+ echo -e -n '[02] - LISTAR DEPLOYS\n'
+ echo -e -n '[03] - BUSCAR GLOBALS\n'
+ echo -e -n '[04] - DEPLOY/REDEPLOY\n'
+ echo -e -n '[05] - EXCLUIR DEPLOY\n'
+ echo -e -n '[97] - GET CONFIG\n'
+ echo -e -n '[98] - SET CONFIG\n'
+ echo -e -n '\n[99] - EXIT\n'
+ echo -e -n '\nDigite uma opção:'
+ read option
+ case $option in
+ printf '\n'
+ digibeectl get config
+ printf '\n'
+ digibeectl get realm
